sample.interval=20000
"stats::dnorm" "<Anonymous>" "mapply" "WalkerBivarDirichlet" "profile_walker" "eval" "eval" "withVisible" "source" 
"stats::dnorm" "<Anonymous>" "mapply" "WalkerBivarDirichlet" "profile_walker" "eval" "eval" "withVisible" "source" 
"/" "<Anonymous>" "mapply" "WalkerBivarDirichlet" "profile_walker" "eval" "eval" "withVisible" "source" 
"/" "<Anonymous>" "mapply" "WalkerBivarDirichlet" "profile_walker" "eval" "eval" "withVisible" "source" 
"stats::dnorm" "<Anonymous>" "mapply" "WalkerBivarDirichlet" "profile_walker" "eval" "eval" "withVisible" "source" 
"stats::dnorm" "<Anonymous>" "mapply" "WalkerBivarDirichlet" "profile_walker" "eval" "eval" "withVisible" "source" 
"stats::dnorm" "<Anonymous>" "mapply" "WalkerBivarDirichlet" "profile_walker" "eval" "eval" "withVisible" "source" 
"stats::dnorm" "<Anonymous>" "mapply" "WalkerBivarDirichlet" "profile_walker" "eval" "eval" "withVisible" "source" 
"unlist" "simplify2array" "mapply" "WalkerBivarDirichlet" "profile_walker" "eval" "eval" "withVisible" "source" 
"array" "simplify2array" "mapply" "WalkerBivarDirichlet" "profile_walker" "eval" "eval" "withVisible" "source" 
"aperm.default" "aperm" "apply" "WalkerBivarDirichlet" "profile_walker" "eval" "eval" "withVisible" "source" 
"aperm.default" "aperm" "apply" "WalkerBivarDirichlet" "profile_walker" "eval" "eval" "withVisible" "source" 
"aperm.default" "aperm" "apply" "WalkerBivarDirichlet" "profile_walker" "eval" "eval" "withVisible" "source" 
"aperm.default" "aperm" "apply" "WalkerBivarDirichlet" "profile_walker" "eval" "eval" "withVisible" "source" 
"aperm.default" "aperm" "apply" "WalkerBivarDirichlet" "profile_walker" "eval" "eval" "withVisible" "source" 
"aperm.default" "aperm" "apply" "WalkerBivarDirichlet" "profile_walker" "eval" "eval" "withVisible" "source" 
"aperm.default" "aperm" "apply" "WalkerBivarDirichlet" "profile_walker" "eval" "eval" "withVisible" "source" 
"aperm.default" "aperm" "apply" "WalkerBivarDirichlet" "profile_walker" "eval" "eval" "withVisible" "source" 
"apply" "WalkerBivarDirichlet" "profile_walker" "eval" "eval" "withVisible" "source" 
"apply" "WalkerBivarDirichlet" "profile_walker" "eval" "eval" "withVisible" "source" 
"apply" "WalkerBivarDirichlet" "profile_walker" "eval" "eval" "withVisible" "source" 
"sample.int" ".DPWalkerUpdate" "WalkerBivarDirichlet" "profile_walker" "eval" "eval" "withVisible" "source" 
".DPWalkerUpdate" "WalkerBivarDirichlet" "profile_walker" "eval" "eval" "withVisible" "source" 
".DPWalkerUpdate" "WalkerBivarDirichlet" "profile_walker" "eval" "eval" "withVisible" "source" 
".DPWalkerUpdate" "WalkerBivarDirichlet" "profile_walker" "eval" "eval" "withVisible" "source" 
".DPWalkerUpdate" "WalkerBivarDirichlet" "profile_walker" "eval" "eval" "withVisible" "source" 
".DPWalkerUpdate" "WalkerBivarDirichlet" "profile_walker" "eval" "eval" "withVisible" "source" 
".DPWalkerUpdate" "WalkerBivarDirichlet" "profile_walker" "eval" "eval" "withVisible" "source" 
".DPWalkerUpdate" "WalkerBivarDirichlet" "profile_walker" "eval" "eval" "withVisible" "source" 
".DPWalkerUpdate" "WalkerBivarDirichlet" "profile_walker" "eval" "eval" "withVisible" "source" 
".DPWalkerUpdate" "WalkerBivarDirichlet" "profile_walker" "eval" "eval" "withVisible" "source" 
".DPWalkerUpdate" "WalkerBivarDirichlet" "profile_walker" "eval" "eval" "withVisible" "source" 
".DPWalkerUpdate" "WalkerBivarDirichlet" "profile_walker" "eval" "eval" "withVisible" "source" 
".DPWalkerUpdate" "WalkerBivarDirichlet" "profile_walker" "eval" "eval" "withVisible" "source" 
".DPWalkerUpdate" "WalkerBivarDirichlet" "profile_walker" "eval" "eval" "withVisible" "source" 
".Call" "which_mt" ".DPWalkerUpdate" "WalkerBivarDirichlet" "profile_walker" "eval" "eval" "withVisible" "source" 
".Call" "which_equal" ".DPWalkerUpdate" "WalkerBivarDirichlet" "profile_walker" "eval" "eval" "withVisible" "source" 
".Call" "which_mt" ".DPWalkerUpdate" "WalkerBivarDirichlet" "profile_walker" "eval" "eval" "withVisible" "source" 
".Call" "UpdateCalendarAges_cpp" "WalkerBivarDirichlet" "profile_walker" "eval" "eval" "withVisible" "source" 
".Call" "which_mt" ".DPWalkerUpdate" "WalkerBivarDirichlet" "profile_walker" "eval" "eval" "withVisible" "source" 
".Call" "which_equal" ".DPWalkerUpdate" "WalkerBivarDirichlet" "profile_walker" "eval" "eval" "withVisible" "source" 
"sample.int" ".DPWalkerUpdate" "WalkerBivarDirichlet" "profile_walker" "eval" "eval" "withVisible" "source" 
".Call" "which_equal" ".DPWalkerUpdate" "WalkerBivarDirichlet" "profile_walker" "eval" "eval" "withVisible" "source" 
"sample.int" ".DPWalkerUpdate" "WalkerBivarDirichlet" "profile_walker" "eval" "eval" "withVisible" "source" 
".Call" "DPWalkerUpdate_cpp" ".DPWalkerUpdate" "WalkerBivarDirichlet" "profile_walker" "eval" "eval" "withVisible" "source" 
"sample.int" ".DPWalkerUpdate" "WalkerBivarDirichlet" "profile_walker" "eval" "eval" "withVisible" "source" 
"sample.int" ".DPWalkerUpdate" "WalkerBivarDirichlet" "profile_walker" "eval" "eval" "withVisible" "source" 
".Call" "which_mt" ".DPWalkerUpdate" "WalkerBivarDirichlet" "profile_walker" "eval" "eval" "withVisible" "source" 
"sample.int" ".DPWalkerUpdate" "WalkerBivarDirichlet" "profile_walker" "eval" "eval" "withVisible" "source" 
"stopifnot" "sample.int" ".DPWalkerUpdate" "WalkerBivarDirichlet" "profile_walker" "eval" "eval" "withVisible" "source" 
".DPWalkerUpdate" "WalkerBivarDirichlet" "profile_walker" "eval" "eval" "withVisible" "source" 
".Call" "which_mt" ".DPWalkerUpdate" "WalkerBivarDirichlet" "profile_walker" "eval" "eval" "withVisible" "source" 
".Call" "which_equal" ".DPWalkerUpdate" "WalkerBivarDirichlet" "profile_walker" "eval" "eval" "withVisible" "source" 
".Call" "which_mt" ".DPWalkerUpdate" "WalkerBivarDirichlet" "profile_walker" "eval" "eval" "withVisible" "source" 
".Call" "which_mt" ".DPWalkerUpdate" "WalkerBivarDirichlet" "profile_walker" "eval" "eval" "withVisible" "source" 
".Call" "which_mt" ".DPWalkerUpdate" "WalkerBivarDirichlet" "profile_walker" "eval" "eval" "withVisible" "source" 
".Call" "DPWalkerUpdate_cpp" ".DPWalkerUpdate" "WalkerBivarDirichlet" "profile_walker" "eval" "eval" "withVisible" "source" 
".Call" "which_mt" ".DPWalkerUpdate" "WalkerBivarDirichlet" "profile_walker" "eval" "eval" "withVisible" "source" 
".Call" "which_mt" ".DPWalkerUpdate" "WalkerBivarDirichlet" "profile_walker" "eval" "eval" "withVisible" "source" 
".Call" "which_mt" ".DPWalkerUpdate" "WalkerBivarDirichlet" "profile_walker" "eval" "eval" "withVisible" "source" 
".Call" "which_mt" ".DPWalkerUpdate" "WalkerBivarDirichlet" "profile_walker" "eval" "eval" "withVisible" "source" 
"sample.int" ".DPWalkerUpdate" "WalkerBivarDirichlet" "profile_walker" "eval" "eval" "withVisible" "source" 
".Call" "which_mt" ".DPWalkerUpdate" "WalkerBivarDirichlet" "profile_walker" "eval" "eval" "withVisible" "source" 
".Call" "which_mt" ".DPWalkerUpdate" "WalkerBivarDirichlet" "profile_walker" "eval" "eval" "withVisible" "source" 
".Call" "which_mt_int" ".DPWalkerUpdate" "WalkerBivarDirichlet" "profile_walker" "eval" "eval" "withVisible" "source" 
".Call" "which_mt" ".DPWalkerUpdate" "WalkerBivarDirichlet" "profile_walker" "eval" "eval" "withVisible" "source" 
".Call" "UpdateCalendarAges_cpp" "WalkerBivarDirichlet" "profile_walker" "eval" "eval" "withVisible" "source" 
".Call" "which_equal" ".DPWalkerUpdate" "WalkerBivarDirichlet" "profile_walker" "eval" "eval" "withVisible" "source" 
".Call" "which_mt" ".DPWalkerUpdate" "WalkerBivarDirichlet" "profile_walker" "eval" "eval" "withVisible" "source" 
".Call" "UpdatePhiTau_cpp" ".DPWalkerUpdate" "WalkerBivarDirichlet" "profile_walker" "eval" "eval" "withVisible" "source" 
"sample.int" ".DPWalkerUpdate" "WalkerBivarDirichlet" "profile_walker" "eval" "eval" "withVisible" "source" 
"stats::runif" ".DPWalkerUpdate" "WalkerBivarDirichlet" "profile_walker" "eval" "eval" "withVisible" "source" 
".Call" "which_mt" ".DPWalkerUpdate" "WalkerBivarDirichlet" "profile_walker" "eval" "eval" "withVisible" "source" 
".Call" "which_equal" ".DPWalkerUpdate" "WalkerBivarDirichlet" "profile_walker" "eval" "eval" "withVisible" "source" 
".Call" "which_mt" ".DPWalkerUpdate" "WalkerBivarDirichlet" "profile_walker" "eval" "eval" "withVisible" "source" 
".Call" "DPWalkerUpdate_cpp" ".DPWalkerUpdate" "WalkerBivarDirichlet" "profile_walker" "eval" "eval" "withVisible" "source" 
".Call" "which_mt" ".DPWalkerUpdate" "WalkerBivarDirichlet" "profile_walker" "eval" "eval" "withVisible" "source" 
".Call" "DPWalkerUpdate_cpp" ".DPWalkerUpdate" "WalkerBivarDirichlet" "profile_walker" "eval" "eval" "withVisible" "source" 
".Call" "which_mt" ".DPWalkerUpdate" "WalkerBivarDirichlet" "profile_walker" "eval" "eval" "withVisible" "source" 
".Call" "which_equal" ".DPWalkerUpdate" "WalkerBivarDirichlet" "profile_walker" "eval" "eval" "withVisible" "source" 
".Call" "which_mt" ".DPWalkerUpdate" "WalkerBivarDirichlet" "profile_walker" "eval" "eval" "withVisible" "source" 
".Call" "which_equal" ".DPWalkerUpdate" "WalkerBivarDirichlet" "profile_walker" "eval" "eval" "withVisible" "source" 
".Call" "which_mt" ".DPWalkerUpdate" "WalkerBivarDirichlet" "profile_walker" "eval" "eval" "withVisible" "source" 
".Call" "which_mt" ".DPWalkerUpdate" "WalkerBivarDirichlet" "profile_walker" "eval" "eval" "withVisible" "source" 
".Call" "which_mt" ".DPWalkerUpdate" "WalkerBivarDirichlet" "profile_walker" "eval" "eval" "withVisible" "source" 
".Call" "which_mt" ".DPWalkerUpdate" "WalkerBivarDirichlet" "profile_walker" "eval" "eval" "withVisible" "source" 
".Call" "which_mt" ".DPWalkerUpdate" "WalkerBivarDirichlet" "profile_walker" "eval" "eval" "withVisible" "source" 
".Call" "which_mt" ".DPWalkerUpdate" "WalkerBivarDirichlet" "profile_walker" "eval" "eval" "withVisible" "source" 
".Call" "which_mt" ".DPWalkerUpdate" "WalkerBivarDirichlet" "profile_walker" "eval" "eval" "withVisible" "source" 
".Call" "which_mt" ".DPWalkerUpdate" "WalkerBivarDirichlet" "profile_walker" "eval" "eval" "withVisible" "source" 
"sample.int" ".DPWalkerUpdate" "WalkerBivarDirichlet" "profile_walker" "eval" "eval" "withVisible" "source" 
".Call" "which_mt" ".DPWalkerUpdate" "WalkerBivarDirichlet" "profile_walker" "eval" "eval" "withVisible" "source" 
".Call" "which_mt" ".DPWalkerUpdate" "WalkerBivarDirichlet" "profile_walker" "eval" "eval" "withVisible" "source" 
".Call" "which_equal" ".DPWalkerUpdate" "WalkerBivarDirichlet" "profile_walker" "eval" "eval" "withVisible" "source" 
".Call" "which_mt" ".DPWalkerUpdate" "WalkerBivarDirichlet" "profile_walker" "eval" "eval" "withVisible" "source" 
".Call" "UpdateCalendarAges_cpp" "WalkerBivarDirichlet" "profile_walker" "eval" "eval" "withVisible" "source" 
".Call" "which_mt" ".DPWalkerUpdate" "WalkerBivarDirichlet" "profile_walker" "eval" "eval" "withVisible" "source" 
".Call" "which_mt" ".DPWalkerUpdate" "WalkerBivarDirichlet" "profile_walker" "eval" "eval" "withVisible" "source" 
".Call" "which_mt" ".DPWalkerUpdate" "WalkerBivarDirichlet" "profile_walker" "eval" "eval" "withVisible" "source" 
".Call" "which_equal" ".DPWalkerUpdate" "WalkerBivarDirichlet" "profile_walker" "eval" "eval" "withVisible" "source" 
".Call" "which_mt" ".DPWalkerUpdate" "WalkerBivarDirichlet" "profile_walker" "eval" "eval" "withVisible" "source" 
".Call" "which_mt" ".DPWalkerUpdate" "WalkerBivarDirichlet" "profile_walker" "eval" "eval" "withVisible" "source" 
".Call" "which_equal" ".DPWalkerUpdate" "WalkerBivarDirichlet" "profile_walker" "eval" "eval" "withVisible" "source" 
".Call" "which_equal" ".DPWalkerUpdate" "WalkerBivarDirichlet" "profile_walker" "eval" "eval" "withVisible" "source" 
".Call" "which_mt" ".DPWalkerUpdate" "WalkerBivarDirichlet" "profile_walker" "eval" "eval" "withVisible" "source" 
".Call" "which_equal" ".DPWalkerUpdate" "WalkerBivarDirichlet" "profile_walker" "eval" "eval" "withVisible" "source" 
".Call" "which_mt" ".DPWalkerUpdate" "WalkerBivarDirichlet" "profile_walker" "eval" "eval" "withVisible" "source" 
".Call" "which_mt" ".DPWalkerUpdate" "WalkerBivarDirichlet" "profile_walker" "eval" "eval" "withVisible" "source" 
".Call" "which_mt" ".DPWalkerUpdate" "WalkerBivarDirichlet" "profile_walker" "eval" "eval" "withVisible" "source" 
".Call" "which_mt" ".DPWalkerUpdate" "WalkerBivarDirichlet" "profile_walker" "eval" "eval" "withVisible" "source" 
".Call" "which_equal" ".DPWalkerUpdate" "WalkerBivarDirichlet" "profile_walker" "eval" "eval" "withVisible" "source" 
".Call" "which_mt" ".DPWalkerUpdate" "WalkerBivarDirichlet" "profile_walker" "eval" "eval" "withVisible" "source" 
".Call" "which_mt" ".DPWalkerUpdate" "WalkerBivarDirichlet" "profile_walker" "eval" "eval" "withVisible" "source" 
".Call" "which_mt" ".DPWalkerUpdate" "WalkerBivarDirichlet" "profile_walker" "eval" "eval" "withVisible" "source" 
".Call" "which_mt" ".DPWalkerUpdate" "WalkerBivarDirichlet" "profile_walker" "eval" "eval" "withVisible" "source" 
".Call" "which_mt" ".DPWalkerUpdate" "WalkerBivarDirichlet" "profile_walker" "eval" "eval" "withVisible" "source" 
".Call" "which_equal" ".DPWalkerUpdate" "WalkerBivarDirichlet" "profile_walker" "eval" "eval" "withVisible" "source" 
".Call" "which_mt" ".DPWalkerUpdate" "WalkerBivarDirichlet" "profile_walker" "eval" "eval" "withVisible" "source" 
".Call" "which_mt" ".DPWalkerUpdate" "WalkerBivarDirichlet" "profile_walker" "eval" "eval" "withVisible" "source" 
".Call" "DPWalkerUpdate_cpp" ".DPWalkerUpdate" "WalkerBivarDirichlet" "profile_walker" "eval" "eval" "withVisible" "source" 
".Call" "which_mt" ".DPWalkerUpdate" "WalkerBivarDirichlet" "profile_walker" "eval" "eval" "withVisible" "source" 
".Call" "which_equal" ".DPWalkerUpdate" "WalkerBivarDirichlet" "profile_walker" "eval" "eval" "withVisible" "source" 
".Call" "which_mt" ".DPWalkerUpdate" "WalkerBivarDirichlet" "profile_walker" "eval" "eval" "withVisible" "source" 
".Call" "UpdatePhiTau_cpp" ".DPWalkerUpdate" "WalkerBivarDirichlet" "profile_walker" "eval" "eval" "withVisible" "source" 
".Call" "UpdateCalendarAges_cpp" "WalkerBivarDirichlet" "profile_walker" "eval" "eval" "withVisible" "source" 
".Call" "which_mt" ".DPWalkerUpdate" "WalkerBivarDirichlet" "profile_walker" "eval" "eval" "withVisible" "source" 
".Call" "which_mt" ".DPWalkerUpdate" "WalkerBivarDirichlet" "profile_walker" "eval" "eval" "withVisible" "source" 
".Call" "which_equal" ".DPWalkerUpdate" "WalkerBivarDirichlet" "profile_walker" "eval" "eval" "withVisible" "source" 
".Call" "which_mt" ".DPWalkerUpdate" "WalkerBivarDirichlet" "profile_walker" "eval" "eval" "withVisible" "source" 
".Call" "which_equal" ".DPWalkerUpdate" "WalkerBivarDirichlet" "profile_walker" "eval" "eval" "withVisible" "source" 
".Call" "which_mt" ".DPWalkerUpdate" "WalkerBivarDirichlet" "profile_walker" "eval" "eval" "withVisible" "source" 
".Call" "which_mt" ".DPWalkerUpdate" "WalkerBivarDirichlet" "profile_walker" "eval" "eval" "withVisible" "source" 
".Call" "which_mt" ".DPWalkerUpdate" "WalkerBivarDirichlet" "profile_walker" "eval" "eval" "withVisible" "source" 
".Call" "which_mt" ".DPWalkerUpdate" "WalkerBivarDirichlet" "profile_walker" "eval" "eval" "withVisible" "source" 
".Call" "DPWalkerUpdate_cpp" ".DPWalkerUpdate" "WalkerBivarDirichlet" "profile_walker" "eval" "eval" "withVisible" "source" 
".Call" "DPWalkerUpdate_cpp" ".DPWalkerUpdate" "WalkerBivarDirichlet" "profile_walker" "eval" "eval" "withVisible" "source" 
".Call" "which_mt" ".DPWalkerUpdate" "WalkerBivarDirichlet" "profile_walker" "eval" "eval" "withVisible" "source" 
".Call" "DPWalkerUpdate_cpp" ".DPWalkerUpdate" "WalkerBivarDirichlet" "profile_walker" "eval" "eval" "withVisible" "source" 
".Call" "which_mt" ".DPWalkerUpdate" "WalkerBivarDirichlet" "profile_walker" "eval" "eval" "withVisible" "source" 
".Call" "which_equal" ".DPWalkerUpdate" "WalkerBivarDirichlet" "profile_walker" "eval" "eval" "withVisible" "source" 
".Call" "which_mt" ".DPWalkerUpdate" "WalkerBivarDirichlet" "profile_walker" "eval" "eval" "withVisible" "source" 
".Call" "which_mt" ".DPWalkerUpdate" "WalkerBivarDirichlet" "profile_walker" "eval" "eval" "withVisible" "source" 
"sample.int" ".DPWalkerUpdate" "WalkerBivarDirichlet" "profile_walker" "eval" "eval" "withVisible" "source" 
".Call" "UpdateCalendarAges_cpp" "WalkerBivarDirichlet" "profile_walker" "eval" "eval" "withVisible" "source" 
".Call" "which_mt" ".DPWalkerUpdate" "WalkerBivarDirichlet" "profile_walker" "eval" "eval" "withVisible" "source" 
".Call" "which_mt" ".DPWalkerUpdate" "WalkerBivarDirichlet" "profile_walker" "eval" "eval" "withVisible" "source" 
".Call" "which_equal" ".DPWalkerUpdate" "WalkerBivarDirichlet" "profile_walker" "eval" "eval" "withVisible" "source" 
".Call" "which_mt" ".DPWalkerUpdate" "WalkerBivarDirichlet" "profile_walker" "eval" "eval" "withVisible" "source" 
".Call" "which_mt" ".DPWalkerUpdate" "WalkerBivarDirichlet" "profile_walker" "eval" "eval" "withVisible" "source" 
".Call" "which_mt" ".DPWalkerUpdate" "WalkerBivarDirichlet" "profile_walker" "eval" "eval" "withVisible" "source" 
".Call" "DPWalkerUpdate_cpp" ".DPWalkerUpdate" "WalkerBivarDirichlet" "profile_walker" "eval" "eval" "withVisible" "source" 
".Call" "which_mt" ".DPWalkerUpdate" "WalkerBivarDirichlet" "profile_walker" "eval" "eval" "withVisible" "source" 
".Call" "which_mt" ".DPWalkerUpdate" "WalkerBivarDirichlet" "profile_walker" "eval" "eval" "withVisible" "source" 
"stopifnot" "sample.int" ".DPWalkerUpdate" "WalkerBivarDirichlet" "profile_walker" "eval" "eval" "withVisible" "source" 
".Call" "which_equal" ".DPWalkerUpdate" "WalkerBivarDirichlet" "profile_walker" "eval" "eval" "withVisible" "source" 
".Call" "which_mt" ".DPWalkerUpdate" "WalkerBivarDirichlet" "profile_walker" "eval" "eval" "withVisible" "source" 
".Call" "which_mt" ".DPWalkerUpdate" "WalkerBivarDirichlet" "profile_walker" "eval" "eval" "withVisible" "source" 
".Call" "which_mt" ".DPWalkerUpdate" "WalkerBivarDirichlet" "profile_walker" "eval" "eval" "withVisible" "source" 
".Call" "which_mt" ".DPWalkerUpdate" "WalkerBivarDirichlet" "profile_walker" "eval" "eval" "withVisible" "source" 
".Call" "which_mt_int" ".DPWalkerUpdate" "WalkerBivarDirichlet" "profile_walker" "eval" "eval" "withVisible" "source" 
".Call" "which_mt" ".DPWalkerUpdate" "WalkerBivarDirichlet" "profile_walker" "eval" "eval" "withVisible" "source" 
".Call" "which_mt" ".DPWalkerUpdate" "WalkerBivarDirichlet" "profile_walker" "eval" "eval" "withVisible" "source" 
".DPWalkerUpdate" "WalkerBivarDirichlet" "profile_walker" "eval" "eval" "withVisible" "source" 
".Call" "which_mt" ".DPWalkerUpdate" "WalkerBivarDirichlet" "profile_walker" "eval" "eval" "withVisible" "source" 
".Call" "DPWalkerUpdate_cpp" ".DPWalkerUpdate" "WalkerBivarDirichlet" "profile_walker" "eval" "eval" "withVisible" "source" 
".Call" "which_mt" ".DPWalkerUpdate" "WalkerBivarDirichlet" "profile_walker" "eval" "eval" "withVisible" "source" 
".Call" "which_mt" ".DPWalkerUpdate" "WalkerBivarDirichlet" "profile_walker" "eval" "eval" "withVisible" "source" 
".Call" "which_mt" ".DPWalkerUpdate" "WalkerBivarDirichlet" "profile_walker" "eval" "eval" "withVisible" "source" 
".Call" "which_mt" ".DPWalkerUpdate" "WalkerBivarDirichlet" "profile_walker" "eval" "eval" "withVisible" "source" 
".Call" "which_mt" ".DPWalkerUpdate" "WalkerBivarDirichlet" "profile_walker" "eval" "eval" "withVisible" "source" 
".Call" "which_mt" ".DPWalkerUpdate" "WalkerBivarDirichlet" "profile_walker" "eval" "eval" "withVisible" "source" 
"stopifnot" "sample.int" ".DPWalkerUpdate" "WalkerBivarDirichlet" "profile_walker" "eval" "eval" "withVisible" "source" 
".Call" "which_equal" ".DPWalkerUpdate" "WalkerBivarDirichlet" "profile_walker" "eval" "eval" "withVisible" "source" 
".Call" "which_mt" ".DPWalkerUpdate" "WalkerBivarDirichlet" "profile_walker" "eval" "eval" "withVisible" "source" 
".Call" "which_mt" ".DPWalkerUpdate" "WalkerBivarDirichlet" "profile_walker" "eval" "eval" "withVisible" "source" 
".Call" "which_mt" ".DPWalkerUpdate" "WalkerBivarDirichlet" "profile_walker" "eval" "eval" "withVisible" "source" 
".Call" "which_mt" ".DPWalkerUpdate" "WalkerBivarDirichlet" "profile_walker" "eval" "eval" "withVisible" "source" 
".Call" "which_mt" ".DPWalkerUpdate" "WalkerBivarDirichlet" "profile_walker" "eval" "eval" "withVisible" "source" 
".Call" "which_mt" ".DPWalkerUpdate" "WalkerBivarDirichlet" "profile_walker" "eval" "eval" "withVisible" "source" 
".Call" "which_mt" ".DPWalkerUpdate" "WalkerBivarDirichlet" "profile_walker" "eval" "eval" "withVisible" "source" 
".Call" "which_mt" ".DPWalkerUpdate" "WalkerBivarDirichlet" "profile_walker" "eval" "eval" "withVisible" "source" 
".DPWalkerUpdate" "WalkerBivarDirichlet" "profile_walker" "eval" "eval" "withVisible" "source" 
".Call" "UpdatePhiTau_cpp" ".DPWalkerUpdate" "WalkerBivarDirichlet" "profile_walker" "eval" "eval" "withVisible" "source" 
".Call" "which_mt" ".DPWalkerUpdate" "WalkerBivarDirichlet" "profile_walker" "eval" "eval" "withVisible" "source" 
".Call" "which_mt" ".DPWalkerUpdate" "WalkerBivarDirichlet" "profile_walker" "eval" "eval" "withVisible" "source" 
".Call" "UpdatePhiTau_cpp" ".DPWalkerUpdate" "WalkerBivarDirichlet" "profile_walker" "eval" "eval" "withVisible" "source" 
".Call" "which_mt" ".DPWalkerUpdate" "WalkerBivarDirichlet" "profile_walker" "eval" "eval" "withVisible" "source" 
".Call" "which_mt" ".DPWalkerUpdate" "WalkerBivarDirichlet" "profile_walker" "eval" "eval" "withVisible" "source" 
".Call" "which_mt" ".DPWalkerUpdate" "WalkerBivarDirichlet" "profile_walker" "eval" "eval" "withVisible" "source" 
".Call" "which_equal" ".DPWalkerUpdate" "WalkerBivarDirichlet" "profile_walker" "eval" "eval" "withVisible" "source" 
".Call" "which_mt" ".DPWalkerUpdate" "WalkerBivarDirichlet" "profile_walker" "eval" "eval" "withVisible" "source" 
".Call" "which_mt" ".DPWalkerUpdate" "WalkerBivarDirichlet" "profile_walker" "eval" "eval" "withVisible" "source" 
".Call" "which_mt" ".DPWalkerUpdate" "WalkerBivarDirichlet" "profile_walker" "eval" "eval" "withVisible" "source" 
".Call" "which_mt" ".DPWalkerUpdate" "WalkerBivarDirichlet" "profile_walker" "eval" "eval" "withVisible" "source" 
".Call" "which_equal" ".DPWalkerUpdate" "WalkerBivarDirichlet" "profile_walker" "eval" "eval" "withVisible" "source" 
".Call" "which_mt" ".DPWalkerUpdate" "WalkerBivarDirichlet" "profile_walker" "eval" "eval" "withVisible" "source" 
".Call" "which_mt" ".DPWalkerUpdate" "WalkerBivarDirichlet" "profile_walker" "eval" "eval" "withVisible" "source" 
".Call" "which_mt" ".DPWalkerUpdate" "WalkerBivarDirichlet" "profile_walker" "eval" "eval" "withVisible" "source" 
".Call" "which_mt" ".DPWalkerUpdate" "WalkerBivarDirichlet" "profile_walker" "eval" "eval" "withVisible" "source" 
".Call" "UpdateCalendarAges_cpp" "WalkerBivarDirichlet" "profile_walker" "eval" "eval" "withVisible" "source" 
".Call" "which_mt" ".DPWalkerUpdate" "WalkerBivarDirichlet" "profile_walker" "eval" "eval" "withVisible" "source" 
".Call" "which_mt" ".DPWalkerUpdate" "WalkerBivarDirichlet" "profile_walker" "eval" "eval" "withVisible" "source" 
".Call" "which_mt" ".DPWalkerUpdate" "WalkerBivarDirichlet" "profile_walker" "eval" "eval" "withVisible" "source" 
".Call" "which_equal" ".DPWalkerUpdate" "WalkerBivarDirichlet" "profile_walker" "eval" "eval" "withVisible" "source" 
".Call" "which_mt" ".DPWalkerUpdate" "WalkerBivarDirichlet" "profile_walker" "eval" "eval" "withVisible" "source" 
".Call" "which_mt" ".DPWalkerUpdate" "WalkerBivarDirichlet" "profile_walker" "eval" "eval" "withVisible" "source" 
".Call" "which_mt" ".DPWalkerUpdate" "WalkerBivarDirichlet" "profile_walker" "eval" "eval" "withVisible" "source" 
"sample.int" ".DPWalkerUpdate" "WalkerBivarDirichlet" "profile_walker" "eval" "eval" "withVisible" "source" 
".DPWalkerUpdate" "WalkerBivarDirichlet" "profile_walker" "eval" "eval" "withVisible" "source" 
".Call" "which_mt" ".DPWalkerUpdate" "WalkerBivarDirichlet" "profile_walker" "eval" "eval" "withVisible" "source" 
".Call" "which_mt" ".DPWalkerUpdate" "WalkerBivarDirichlet" "profile_walker" "eval" "eval" "withVisible" "source" 
".Call" "which_mt" ".DPWalkerUpdate" "WalkerBivarDirichlet" "profile_walker" "eval" "eval" "withVisible" "source" 
".Call" "which_mt" ".DPWalkerUpdate" "WalkerBivarDirichlet" "profile_walker" "eval" "eval" "withVisible" "source" 
".Call" "which_mt" ".DPWalkerUpdate" "WalkerBivarDirichlet" "profile_walker" "eval" "eval" "withVisible" "source" 
"cat" "pb$up" "utils::setTxtProgressBar" "WalkerBivarDirichlet" "profile_walker" "eval" "eval" "withVisible" "source" 
".Call" "which_mt" ".DPWalkerUpdate" "WalkerBivarDirichlet" "profile_walker" "eval" "eval" "withVisible" "source" 
".Call" "which_mt" ".DPWalkerUpdate" "WalkerBivarDirichlet" "profile_walker" "eval" "eval" "withVisible" "source" 
".DPWalkerUpdate" "WalkerBivarDirichlet" "profile_walker" "eval" "eval" "withVisible" "source" 
".Call" "which_mt" ".DPWalkerUpdate" "WalkerBivarDirichlet" "profile_walker" "eval" "eval" "withVisible" "source" 
".Call" "which_mt" ".DPWalkerUpdate" "WalkerBivarDirichlet" "profile_walker" "eval" "eval" "withVisible" "source" 
".Call" "which_mt" ".DPWalkerUpdate" "WalkerBivarDirichlet" "profile_walker" "eval" "eval" "withVisible" "source" 
".Call" "which_equal" ".DPWalkerUpdate" "WalkerBivarDirichlet" "profile_walker" "eval" "eval" "withVisible" "source" 
".Call" "DPWalkerUpdate_cpp" ".DPWalkerUpdate" "WalkerBivarDirichlet" "profile_walker" "eval" "eval" "withVisible" "source" 
".Call" "which_mt" ".DPWalkerUpdate" "WalkerBivarDirichlet" "profile_walker" "eval" "eval" "withVisible" "source" 
".Call" "which_mt" ".DPWalkerUpdate" "WalkerBivarDirichlet" "profile_walker" "eval" "eval" "withVisible" "source" 
".Call" "which_mt" ".DPWalkerUpdate" "WalkerBivarDirichlet" "profile_walker" "eval" "eval" "withVisible" "source" 
".DPWalkerUpdate" "WalkerBivarDirichlet" "profile_walker" "eval" "eval" "withVisible" "source" 
".Call" "which_mt" ".DPWalkerUpdate" "WalkerBivarDirichlet" "profile_walker" "eval" "eval" "withVisible" "source" 
".Call" "which_mt" ".DPWalkerUpdate" "WalkerBivarDirichlet" "profile_walker" "eval" "eval" "withVisible" "source" 
".Call" "which_mt" ".DPWalkerUpdate" "WalkerBivarDirichlet" "profile_walker" "eval" "eval" "withVisible" "source" 
".Call" "which_mt" ".DPWalkerUpdate" "WalkerBivarDirichlet" "profile_walker" "eval" "eval" "withVisible" "source" 
".Call" "which_mt" ".DPWalkerUpdate" "WalkerBivarDirichlet" "profile_walker" "eval" "eval" "withVisible" "source" 
".Call" "DPWalkerUpdate_cpp" ".DPWalkerUpdate" "WalkerBivarDirichlet" "profile_walker" "eval" "eval" "withVisible" "source" 
".Call" "which_mt" ".DPWalkerUpdate" "WalkerBivarDirichlet" "profile_walker" "eval" "eval" "withVisible" "source" 
".Call" "which_mt" ".DPWalkerUpdate" "WalkerBivarDirichlet" "profile_walker" "eval" "eval" "withVisible" "source" 
".Call" "which_mt" ".DPWalkerUpdate" "WalkerBivarDirichlet" "profile_walker" "eval" "eval" "withVisible" "source" 
".Call" "which_mt" ".DPWalkerUpdate" "WalkerBivarDirichlet" "profile_walker" "eval" "eval" "withVisible" "source" 
".Call" "UpdateCalendarAges_cpp" "WalkerBivarDirichlet" "profile_walker" "eval" "eval" "withVisible" "source" 
".Call" "which_mt" ".DPWalkerUpdate" "WalkerBivarDirichlet" "profile_walker" "eval" "eval" "withVisible" "source" 
".Call" "which_mt" ".DPWalkerUpdate" "WalkerBivarDirichlet" "profile_walker" "eval" "eval" "withVisible" "source" 
".Call" "which_mt" ".DPWalkerUpdate" "WalkerBivarDirichlet" "profile_walker" "eval" "eval" "withVisible" "source" 
".Call" "which_equal" ".DPWalkerUpdate" "WalkerBivarDirichlet" "profile_walker" "eval" "eval" "withVisible" "source" 
".Call" "which_mt" ".DPWalkerUpdate" "WalkerBivarDirichlet" "profile_walker" "eval" "eval" "withVisible" "source" 
".Call" "which_mt" ".DPWalkerUpdate" "WalkerBivarDirichlet" "profile_walker" "eval" "eval" "withVisible" "source" 
".Call" "which_mt" ".DPWalkerUpdate" "WalkerBivarDirichlet" "profile_walker" "eval" "eval" "withVisible" "source" 
".Call" "DPWalkerUpdate_cpp" ".DPWalkerUpdate" "WalkerBivarDirichlet" "profile_walker" "eval" "eval" "withVisible" "source" 
".Call" "which_mt" ".DPWalkerUpdate" "WalkerBivarDirichlet" "profile_walker" "eval" "eval" "withVisible" "source" 
".Call" "which_mt" ".DPWalkerUpdate" "WalkerBivarDirichlet" "profile_walker" "eval" "eval" "withVisible" "source" 
".Call" "which_mt" ".DPWalkerUpdate" "WalkerBivarDirichlet" "profile_walker" "eval" "eval" "withVisible" "source" 
".Call" "which_mt" ".DPWalkerUpdate" "WalkerBivarDirichlet" "profile_walker" "eval" "eval" "withVisible" "source" 
".Call" "DPWalkerUpdate_cpp" ".DPWalkerUpdate" "WalkerBivarDirichlet" "profile_walker" "eval" "eval" "withVisible" "source" 
".Call" "which_mt" ".DPWalkerUpdate" "WalkerBivarDirichlet" "profile_walker" "eval" "eval" "withVisible" "source" 
".Call" "which_mt" ".DPWalkerUpdate" "WalkerBivarDirichlet" "profile_walker" "eval" "eval" "withVisible" "source" 
".Call" "which_equal" ".DPWalkerUpdate" "WalkerBivarDirichlet" "profile_walker" "eval" "eval" "withVisible" "source" 
"length" "...elt" "stopifnot" "sample.int" ".DPWalkerUpdate" "WalkerBivarDirichlet" "profile_walker" "eval" "eval" "withVisible" "source" 
".Call" "which_mt" ".DPWalkerUpdate" "WalkerBivarDirichlet" "profile_walker" "eval" "eval" "withVisible" "source" 
".Call" "which_mt" ".DPWalkerUpdate" "WalkerBivarDirichlet" "profile_walker" "eval" "eval" "withVisible" "source" 
".Call" "which_mt" ".DPWalkerUpdate" "WalkerBivarDirichlet" "profile_walker" "eval" "eval" "withVisible" "source" 
".Call" "which_mt" ".DPWalkerUpdate" "WalkerBivarDirichlet" "profile_walker" "eval" "eval" "withVisible" "source" 
".Call" "which_mt_int" ".DPWalkerUpdate" "WalkerBivarDirichlet" "profile_walker" "eval" "eval" "withVisible" "source" 
".Call" "which_mt" ".DPWalkerUpdate" "WalkerBivarDirichlet" "profile_walker" "eval" "eval" "withVisible" "source" 
".Call" "which_mt" ".DPWalkerUpdate" "WalkerBivarDirichlet" "profile_walker" "eval" "eval" "withVisible" "source" 
".Call" "which_mt" ".DPWalkerUpdate" "WalkerBivarDirichlet" "profile_walker" "eval" "eval" "withVisible" "source" 
".Call" "which_mt" ".DPWalkerUpdate" "WalkerBivarDirichlet" "profile_walker" "eval" "eval" "withVisible" "source" 
".Call" "which_mt_int" ".DPWalkerUpdate" "WalkerBivarDirichlet" "profile_walker" "eval" "eval" "withVisible" "source" 
".Call" "which_mt" ".DPWalkerUpdate" "WalkerBivarDirichlet" "profile_walker" "eval" "eval" "withVisible" "source" 
".Call" "which_mt" ".DPWalkerUpdate" "WalkerBivarDirichlet" "profile_walker" "eval" "eval" "withVisible" "source" 
".Call" "which_mt" ".DPWalkerUpdate" "WalkerBivarDirichlet" "profile_walker" "eval" "eval" "withVisible" "source" 
".Call" "which_mt" ".DPWalkerUpdate" "WalkerBivarDirichlet" "profile_walker" "eval" "eval" "withVisible" "source" 
".Call" "which_mt" ".DPWalkerUpdate" "WalkerBivarDirichlet" "profile_walker" "eval" "eval" "withVisible" "source" 
".Call" "which_mt" ".DPWalkerUpdate" "WalkerBivarDirichlet" "profile_walker" "eval" "eval" "withVisible" "source" 
".Call" "DPWalkerUpdate_cpp" ".DPWalkerUpdate" "WalkerBivarDirichlet" "profile_walker" "eval" "eval" "withVisible" "source" 
"stopifnot" "sample.int" ".DPWalkerUpdate" "WalkerBivarDirichlet" "profile_walker" "eval" "eval" "withVisible" "source" 
".Call" "which_mt" ".DPWalkerUpdate" "WalkerBivarDirichlet" "profile_walker" "eval" "eval" "withVisible" "source" 
".Call" "DPWalkerUpdate_cpp" ".DPWalkerUpdate" "WalkerBivarDirichlet" "profile_walker" "eval" "eval" "withVisible" "source" 
".Call" "which_mt" ".DPWalkerUpdate" "WalkerBivarDirichlet" "profile_walker" "eval" "eval" "withVisible" "source" 
".Call" "which_mt" ".DPWalkerUpdate" "WalkerBivarDirichlet" "profile_walker" "eval" "eval" "withVisible" "source" 
".Call" "which_mt" ".DPWalkerUpdate" "WalkerBivarDirichlet" "profile_walker" "eval" "eval" "withVisible" "source" 
".Call" "which_mt" ".DPWalkerUpdate" "WalkerBivarDirichlet" "profile_walker" "eval" "eval" "withVisible" "source" 
".Call" "which_mt" ".DPWalkerUpdate" "WalkerBivarDirichlet" "profile_walker" "eval" "eval" "withVisible" "source" 
".Call" "which_mt" ".DPWalkerUpdate" "WalkerBivarDirichlet" "profile_walker" "eval" "eval" "withVisible" "source" 
".Call" "which_mt" ".DPWalkerUpdate" "WalkerBivarDirichlet" "profile_walker" "eval" "eval" "withVisible" "source" 
".Call" "which_mt_int" ".DPWalkerUpdate" "WalkerBivarDirichlet" "profile_walker" "eval" "eval" "withVisible" "source" 
".Call" "which_mt" ".DPWalkerUpdate" "WalkerBivarDirichlet" "profile_walker" "eval" "eval" "withVisible" "source" 
".Call" "which_mt" ".DPWalkerUpdate" "WalkerBivarDirichlet" "profile_walker" "eval" "eval" "withVisible" "source" 
".Call" "which_mt" ".DPWalkerUpdate" "WalkerBivarDirichlet" "profile_walker" "eval" "eval" "withVisible" "source" 
".Call" "which_equal" ".DPWalkerUpdate" "WalkerBivarDirichlet" "profile_walker" "eval" "eval" "withVisible" "source" 
".Call" "DPWalkerUpdate_cpp" ".DPWalkerUpdate" "WalkerBivarDirichlet" "profile_walker" "eval" "eval" "withVisible" "source" 
".Call" "which_mt" ".DPWalkerUpdate" "WalkerBivarDirichlet" "profile_walker" "eval" "eval" "withVisible" "source" 
".Call" "which_mt" ".DPWalkerUpdate" "WalkerBivarDirichlet" "profile_walker" "eval" "eval" "withVisible" "source" 
".Call" "which_mt" ".DPWalkerUpdate" "WalkerBivarDirichlet" "profile_walker" "eval" "eval" "withVisible" "source" 
".Call" "which_mt" ".DPWalkerUpdate" "WalkerBivarDirichlet" "profile_walker" "eval" "eval" "withVisible" "source" 
".Call" "UpdatePhiTau_cpp" ".DPWalkerUpdate" "WalkerBivarDirichlet" "profile_walker" "eval" "eval" "withVisible" "source" 
".Call" "DPWalkerUpdate_cpp" ".DPWalkerUpdate" "WalkerBivarDirichlet" "profile_walker" "eval" "eval" "withVisible" "source" 
".Call" "which_mt" ".DPWalkerUpdate" "WalkerBivarDirichlet" "profile_walker" "eval" "eval" "withVisible" "source" 
".Call" "which_mt" ".DPWalkerUpdate" "WalkerBivarDirichlet" "profile_walker" "eval" "eval" "withVisible" "source" 
".Call" "which_mt" ".DPWalkerUpdate" "WalkerBivarDirichlet" "profile_walker" "eval" "eval" "withVisible" "source" 
".Call" "which_mt" ".DPWalkerUpdate" "WalkerBivarDirichlet" "profile_walker" "eval" "eval" "withVisible" "source" 
".Call" "DPWalkerUpdate_cpp" ".DPWalkerUpdate" "WalkerBivarDirichlet" "profile_walker" "eval" "eval" "withVisible" "source" 
".Call" "which_mt" ".DPWalkerUpdate" "WalkerBivarDirichlet" "profile_walker" "eval" "eval" "withVisible" "source" 
".Call" "UpdateCalendarAges_cpp" "WalkerBivarDirichlet" "profile_walker" "eval" "eval" "withVisible" "source" 
".Call" "which_mt" ".DPWalkerUpdate" "WalkerBivarDirichlet" "profile_walker" "eval" "eval" "withVisible" "source" 
".Call" "which_mt" ".DPWalkerUpdate" "WalkerBivarDirichlet" "profile_walker" "eval" "eval" "withVisible" "source" 
".Call" "which_equal" ".DPWalkerUpdate" "WalkerBivarDirichlet" "profile_walker" "eval" "eval" "withVisible" "source" 
".Call" "DPWalkerUpdate_cpp" ".DPWalkerUpdate" "WalkerBivarDirichlet" "profile_walker" "eval" "eval" "withVisible" "source" 
".Call" "which_mt" ".DPWalkerUpdate" "WalkerBivarDirichlet" "profile_walker" "eval" "eval" "withVisible" "source" 
".Call" "which_mt" ".DPWalkerUpdate" "WalkerBivarDirichlet" "profile_walker" "eval" "eval" "withVisible" "source" 
".Call" "which_mt_int" ".DPWalkerUpdate" "WalkerBivarDirichlet" "profile_walker" "eval" "eval" "withVisible" "source" 
".Call" "which_mt" ".DPWalkerUpdate" "WalkerBivarDirichlet" "profile_walker" "eval" "eval" "withVisible" "source" 
".DPWalkerUpdate" "WalkerBivarDirichlet" "profile_walker" "eval" "eval" "withVisible" "source" 
".Call" "which_equal" ".DPWalkerUpdate" "WalkerBivarDirichlet" "profile_walker" "eval" "eval" "withVisible" "source" 
".Call" "which_mt" ".DPWalkerUpdate" "WalkerBivarDirichlet" "profile_walker" "eval" "eval" "withVisible" "source" 
".Call" "which_mt" ".DPWalkerUpdate" "WalkerBivarDirichlet" "profile_walker" "eval" "eval" "withVisible" "source" 
".Call" "which_mt" ".DPWalkerUpdate" "WalkerBivarDirichlet" "profile_walker" "eval" "eval" "withVisible" "source" 
".Call" "which_mt" ".DPWalkerUpdate" "WalkerBivarDirichlet" "profile_walker" "eval" "eval" "withVisible" "source" 
".Call" "which_mt" ".DPWalkerUpdate" "WalkerBivarDirichlet" "profile_walker" "eval" "eval" "withVisible" "source" 
".Call" "which_mt" ".DPWalkerUpdate" "WalkerBivarDirichlet" "profile_walker" "eval" "eval" "withVisible" "source" 
".Call" "which_mt" ".DPWalkerUpdate" "WalkerBivarDirichlet" "profile_walker" "eval" "eval" "withVisible" "source" 
".Call" "which_equal" ".DPWalkerUpdate" "WalkerBivarDirichlet" "profile_walker" "eval" "eval" "withVisible" "source" 
".Call" "which_mt" ".DPWalkerUpdate" "WalkerBivarDirichlet" "profile_walker" "eval" "eval" "withVisible" "source" 
".Call" "which_mt" ".DPWalkerUpdate" "WalkerBivarDirichlet" "profile_walker" "eval" "eval" "withVisible" "source" 
".Call" "which_mt" ".DPWalkerUpdate" "WalkerBivarDirichlet" "profile_walker" "eval" "eval" "withVisible" "source" 
".Call" "which_equal" ".DPWalkerUpdate" "WalkerBivarDirichlet" "profile_walker" "eval" "eval" "withVisible" "source" 
".Call" "which_mt" ".DPWalkerUpdate" "WalkerBivarDirichlet" "profile_walker" "eval" "eval" "withVisible" "source" 
".Call" "which_mt" ".DPWalkerUpdate" "WalkerBivarDirichlet" "profile_walker" "eval" "eval" "withVisible" "source" 
".Call" "DPWalkerUpdate_cpp" ".DPWalkerUpdate" "WalkerBivarDirichlet" "profile_walker" "eval" "eval" "withVisible" "source" 
".Call" "which_mt" ".DPWalkerUpdate" "WalkerBivarDirichlet" "profile_walker" "eval" "eval" "withVisible" "source" 
"sample.int" ".DPWalkerUpdate" "WalkerBivarDirichlet" "profile_walker" "eval" "eval" "withVisible" "source" 
".Call" "which_mt" ".DPWalkerUpdate" "WalkerBivarDirichlet" "profile_walker" "eval" "eval" "withVisible" "source" 
".Call" "which_mt" ".DPWalkerUpdate" "WalkerBivarDirichlet" "profile_walker" "eval" "eval" "withVisible" "source" 
".Call" "which_equal" ".DPWalkerUpdate" "WalkerBivarDirichlet" "profile_walker" "eval" "eval" "withVisible" "source" 
".Call" "which_mt" ".DPWalkerUpdate" "WalkerBivarDirichlet" "profile_walker" "eval" "eval" "withVisible" "source" 
".Call" "which_mt" ".DPWalkerUpdate" "WalkerBivarDirichlet" "profile_walker" "eval" "eval" "withVisible" "source" 
".Call" "which_mt" ".DPWalkerUpdate" "WalkerBivarDirichlet" "profile_walker" "eval" "eval" "withVisible" "source" 
".Call" "DPWalkerUpdate_cpp" ".DPWalkerUpdate" "WalkerBivarDirichlet" "profile_walker" "eval" "eval" "withVisible" "source" 
".Call" "which_mt" ".DPWalkerUpdate" "WalkerBivarDirichlet" "profile_walker" "eval" "eval" "withVisible" "source" 
".Call" "which_mt" ".DPWalkerUpdate" "WalkerBivarDirichlet" "profile_walker" "eval" "eval" "withVisible" "source" 
".Call" "which_mt" ".DPWalkerUpdate" "WalkerBivarDirichlet" "profile_walker" "eval" "eval" "withVisible" "source" 
".Call" "which_mt" ".DPWalkerUpdate" "WalkerBivarDirichlet" "profile_walker" "eval" "eval" "withVisible" "source" 
".Call" "which_mt" ".DPWalkerUpdate" "WalkerBivarDirichlet" "profile_walker" "eval" "eval" "withVisible" "source" 
".Call" "which_mt" ".DPWalkerUpdate" "WalkerBivarDirichlet" "profile_walker" "eval" "eval" "withVisible" "source" 
".Call" "which_mt" ".DPWalkerUpdate" "WalkerBivarDirichlet" "profile_walker" "eval" "eval" "withVisible" "source" 
".Call" "UpdateCalendarAges_cpp" "WalkerBivarDirichlet" "profile_walker" "eval" "eval" "withVisible" "source" 
".Call" "which_mt" ".DPWalkerUpdate" "WalkerBivarDirichlet" "profile_walker" "eval" "eval" "withVisible" "source" 
".Call" "which_mt" ".DPWalkerUpdate" "WalkerBivarDirichlet" "profile_walker" "eval" "eval" "withVisible" "source" 
".Call" "which_mt" ".DPWalkerUpdate" "WalkerBivarDirichlet" "profile_walker" "eval" "eval" "withVisible" "source" 
".Call" "DPWalkerUpdate_cpp" ".DPWalkerUpdate" "WalkerBivarDirichlet" "profile_walker" "eval" "eval" "withVisible" "source" 
".Call" "which_mt" ".DPWalkerUpdate" "WalkerBivarDirichlet" "profile_walker" "eval" "eval" "withVisible" "source" 
".Call" "which_mt" ".DPWalkerUpdate" "WalkerBivarDirichlet" "profile_walker" "eval" "eval" "withVisible" "source" 
".Call" "which_equal" ".DPWalkerUpdate" "WalkerBivarDirichlet" "profile_walker" "eval" "eval" "withVisible" "source" 
".Call" "which_mt" ".DPWalkerUpdate" "WalkerBivarDirichlet" "profile_walker" "eval" "eval" "withVisible" "source" 
".Call" "which_mt" ".DPWalkerUpdate" "WalkerBivarDirichlet" "profile_walker" "eval" "eval" "withVisible" "source" 
".Call" "which_mt" ".DPWalkerUpdate" "WalkerBivarDirichlet" "profile_walker" "eval" "eval" "withVisible" "source" 
".Call" "DPWalkerUpdate_cpp" ".DPWalkerUpdate" "WalkerBivarDirichlet" "profile_walker" "eval" "eval" "withVisible" "source" 
".Call" "which_mt" ".DPWalkerUpdate" "WalkerBivarDirichlet" "profile_walker" "eval" "eval" "withVisible" "source" 
".Call" "which_mt" ".DPWalkerUpdate" "WalkerBivarDirichlet" "profile_walker" "eval" "eval" "withVisible" "source" 
".Call" "DPWalkerUpdate_cpp" ".DPWalkerUpdate" "WalkerBivarDirichlet" "profile_walker" "eval" "eval" "withVisible" "source" 
".Call" "which_mt" ".DPWalkerUpdate" "WalkerBivarDirichlet" "profile_walker" "eval" "eval" "withVisible" "source" 
".Call" "which_mt" ".DPWalkerUpdate" "WalkerBivarDirichlet" "profile_walker" "eval" "eval" "withVisible" "source" 
".Call" "DPWalkerUpdate_cpp" ".DPWalkerUpdate" "WalkerBivarDirichlet" "profile_walker" "eval" "eval" "withVisible" "source" 
".Call" "which_mt" ".DPWalkerUpdate" "WalkerBivarDirichlet" "profile_walker" "eval" "eval" "withVisible" "source" 
".Call" "which_equal" ".DPWalkerUpdate" "WalkerBivarDirichlet" "profile_walker" "eval" "eval" "withVisible" "source" 
".Call" "which_mt" ".DPWalkerUpdate" "WalkerBivarDirichlet" "profile_walker" "eval" "eval" "withVisible" "source" 
".Call" "which_mt" ".DPWalkerUpdate" "WalkerBivarDirichlet" "profile_walker" "eval" "eval" "withVisible" "source" 
".Call" "which_mt" ".DPWalkerUpdate" "WalkerBivarDirichlet" "profile_walker" "eval" "eval" "withVisible" "source" 
".Call" "UpdateCalendarAges_cpp" "WalkerBivarDirichlet" "profile_walker" "eval" "eval" "withVisible" "source" 
".Call" "which_mt" ".DPWalkerUpdate" "WalkerBivarDirichlet" "profile_walker" "eval" "eval" "withVisible" "source" 
".Call" "which_mt" ".DPWalkerUpdate" "WalkerBivarDirichlet" "profile_walker" "eval" "eval" "withVisible" "source" 
".Call" "which_mt_int" ".DPWalkerUpdate" "WalkerBivarDirichlet" "profile_walker" "eval" "eval" "withVisible" "source" 
".Call" "which_mt" ".DPWalkerUpdate" "WalkerBivarDirichlet" "profile_walker" "eval" "eval" "withVisible" "source" 
".Call" "which_mt" ".DPWalkerUpdate" "WalkerBivarDirichlet" "profile_walker" "eval" "eval" "withVisible" "source" 
".Call" "which_mt" ".DPWalkerUpdate" "WalkerBivarDirichlet" "profile_walker" "eval" "eval" "withVisible" "source" 
".Call" "which_mt" ".DPWalkerUpdate" "WalkerBivarDirichlet" "profile_walker" "eval" "eval" "withVisible" "source" 
".Call" "which_mt" ".DPWalkerUpdate" "WalkerBivarDirichlet" "profile_walker" "eval" "eval" "withVisible" "source" 
".Call" "UpdateCalendarAges_cpp" "WalkerBivarDirichlet" "profile_walker" "eval" "eval" "withVisible" "source" 
".Call" "which_mt" ".DPWalkerUpdate" "WalkerBivarDirichlet" "profile_walker" "eval" "eval" "withVisible" "source" 
".Call" "which_mt" ".DPWalkerUpdate" "WalkerBivarDirichlet" "profile_walker" "eval" "eval" "withVisible" "source" 
".Call" "which_mt" ".DPWalkerUpdate" "WalkerBivarDirichlet" "profile_walker" "eval" "eval" "withVisible" "source" 
".Call" "which_mt" ".DPWalkerUpdate" "WalkerBivarDirichlet" "profile_walker" "eval" "eval" "withVisible" "source" 
".Call" "which_mt" ".DPWalkerUpdate" "WalkerBivarDirichlet" "profile_walker" "eval" "eval" "withVisible" "source" 
".Call" "which_mt" ".DPWalkerUpdate" "WalkerBivarDirichlet" "profile_walker" "eval" "eval" "withVisible" "source" 
".Call" "which_mt" ".DPWalkerUpdate" "WalkerBivarDirichlet" "profile_walker" "eval" "eval" "withVisible" "source" 
".Call" "which_mt" ".DPWalkerUpdate" "WalkerBivarDirichlet" "profile_walker" "eval" "eval" "withVisible" "source" 
".DPWalkerUpdate" "WalkerBivarDirichlet" "profile_walker" "eval" "eval" "withVisible" "source" 
".Call" "which_mt" ".DPWalkerUpdate" "WalkerBivarDirichlet" "profile_walker" "eval" "eval" "withVisible" "source" 
".Call" "DPWalkerUpdate_cpp" ".DPWalkerUpdate" "WalkerBivarDirichlet" "profile_walker" "eval" "eval" "withVisible" "source" 
".Call" "which_mt" ".DPWalkerUpdate" "WalkerBivarDirichlet" "profile_walker" "eval" "eval" "withVisible" "source" 
".Call" "which_mt" ".DPWalkerUpdate" "WalkerBivarDirichlet" "profile_walker" "eval" "eval" "withVisible" "source" 
".Call" "which_equal" ".DPWalkerUpdate" "WalkerBivarDirichlet" "profile_walker" "eval" "eval" "withVisible" "source" 
".Call" "which_mt" ".DPWalkerUpdate" "WalkerBivarDirichlet" "profile_walker" "eval" "eval" "withVisible" "source" 
".Call" "which_mt" ".DPWalkerUpdate" "WalkerBivarDirichlet" "profile_walker" "eval" "eval" "withVisible" "source" 
".Call" "which_equal" ".DPWalkerUpdate" "WalkerBivarDirichlet" "profile_walker" "eval" "eval" "withVisible" "source" 
"sample.int" ".DPWalkerUpdate" "WalkerBivarDirichlet" "profile_walker" "eval" "eval" "withVisible" "source" 
".Call" "which_equal" ".DPWalkerUpdate" "WalkerBivarDirichlet" "profile_walker" "eval" "eval" "withVisible" "source" 
".Call" "DPWalkerUpdate_cpp" ".DPWalkerUpdate" "WalkerBivarDirichlet" "profile_walker" "eval" "eval" "withVisible" "source" 
".Call" "which_mt" ".DPWalkerUpdate" "WalkerBivarDirichlet" "profile_walker" "eval" "eval" "withVisible" "source" 
".Call" "UpdatePhiTau_cpp" ".DPWalkerUpdate" "WalkerBivarDirichlet" "profile_walker" "eval" "eval" "withVisible" "source" 
".Call" "which_mt" ".DPWalkerUpdate" "WalkerBivarDirichlet" "profile_walker" "eval" "eval" "withVisible" "source" 
".Call" "which_mt" ".DPWalkerUpdate" "WalkerBivarDirichlet" "profile_walker" "eval" "eval" "withVisible" "source" 
".Call" "DPWalkerUpdate_cpp" ".DPWalkerUpdate" "WalkerBivarDirichlet" "profile_walker" "eval" "eval" "withVisible" "source" 
".Call" "which_mt" ".DPWalkerUpdate" "WalkerBivarDirichlet" "profile_walker" "eval" "eval" "withVisible" "source" 
"which_mt" ".DPWalkerUpdate" "WalkerBivarDirichlet" "profile_walker" "eval" "eval" "withVisible" "source" 
".Call" "which_mt" ".DPWalkerUpdate" "WalkerBivarDirichlet" "profile_walker" "eval" "eval" "withVisible" "source" 
".Call" "which_mt" ".DPWalkerUpdate" "WalkerBivarDirichlet" "profile_walker" "eval" "eval" "withVisible" "source" 
".Call" "which_mt" ".DPWalkerUpdate" "WalkerBivarDirichlet" "profile_walker" "eval" "eval" "withVisible" "source" 
".Call" "which_mt" ".DPWalkerUpdate" "WalkerBivarDirichlet" "profile_walker" "eval" "eval" "withVisible" "source" 
".Call" "UpdateCalendarAges_cpp" "WalkerBivarDirichlet" "profile_walker" "eval" "eval" "withVisible" "source" 
".Call" "which_mt" ".DPWalkerUpdate" "WalkerBivarDirichlet" "profile_walker" "eval" "eval" "withVisible" "source" 
".Call" "which_equal" ".DPWalkerUpdate" "WalkerBivarDirichlet" "profile_walker" "eval" "eval" "withVisible" "source" 
".Call" "which_mt" ".DPWalkerUpdate" "WalkerBivarDirichlet" "profile_walker" "eval" "eval" "withVisible" "source" 
".Call" "UpdateCalendarAges_cpp" "WalkerBivarDirichlet" "profile_walker" "eval" "eval" "withVisible" "source" 
".Call" "which_mt" ".DPWalkerUpdate" "WalkerBivarDirichlet" "profile_walker" "eval" "eval" "withVisible" "source" 
".Call" "DPWalkerUpdate_cpp" ".DPWalkerUpdate" "WalkerBivarDirichlet" "profile_walker" "eval" "eval" "withVisible" "source" 
".Call" "which_mt" ".DPWalkerUpdate" "WalkerBivarDirichlet" "profile_walker" "eval" "eval" "withVisible" "source" 
".Call" "which_mt" ".DPWalkerUpdate" "WalkerBivarDirichlet" "profile_walker" "eval" "eval" "withVisible" "source" 
".Call" "DPWalkerUpdate_cpp" ".DPWalkerUpdate" "WalkerBivarDirichlet" "profile_walker" "eval" "eval" "withVisible" "source" 
".Call" "which_mt" ".DPWalkerUpdate" "WalkerBivarDirichlet" "profile_walker" "eval" "eval" "withVisible" "source" 
".Call" "which_mt" ".DPWalkerUpdate" "WalkerBivarDirichlet" "profile_walker" "eval" "eval" "withVisible" "source" 
".Call" "DPWalkerUpdate_cpp" ".DPWalkerUpdate" "WalkerBivarDirichlet" "profile_walker" "eval" "eval" "withVisible" "source" 
".DPWalkerUpdate" "WalkerBivarDirichlet" "profile_walker" "eval" "eval" "withVisible" "source" 
".Call" "which_mt" ".DPWalkerUpdate" "WalkerBivarDirichlet" "profile_walker" "eval" "eval" "withVisible" "source" 
".Call" "which_mt_int" ".DPWalkerUpdate" "WalkerBivarDirichlet" "profile_walker" "eval" "eval" "withVisible" "source" 
".Call" "which_mt" ".DPWalkerUpdate" "WalkerBivarDirichlet" "profile_walker" "eval" "eval" "withVisible" "source" 
".Call" "which_mt" ".DPWalkerUpdate" "WalkerBivarDirichlet" "profile_walker" "eval" "eval" "withVisible" "source" 
".Call" "which_mt" ".DPWalkerUpdate" "WalkerBivarDirichlet" "profile_walker" "eval" "eval" "withVisible" "source" 
".Call" "which_equal" ".DPWalkerUpdate" "WalkerBivarDirichlet" "profile_walker" "eval" "eval" "withVisible" "source" 
".Call" "which_mt" ".DPWalkerUpdate" "WalkerBivarDirichlet" "profile_walker" "eval" "eval" "withVisible" "source" 
".Call" "which_mt" ".DPWalkerUpdate" "WalkerBivarDirichlet" "profile_walker" "eval" "eval" "withVisible" "source" 
".Call" "which_mt" ".DPWalkerUpdate" "WalkerBivarDirichlet" "profile_walker" "eval" "eval" "withVisible" "source" 
".Call" "which_mt" ".DPWalkerUpdate" "WalkerBivarDirichlet" "profile_walker" "eval" "eval" "withVisible" "source" 
".Call" "DPWalkerUpdate_cpp" ".DPWalkerUpdate" "WalkerBivarDirichlet" "profile_walker" "eval" "eval" "withVisible" "source" 
".Call" "which_mt" ".DPWalkerUpdate" "WalkerBivarDirichlet" "profile_walker" "eval" "eval" "withVisible" "source" 
".Call" "which_equal" ".DPWalkerUpdate" "WalkerBivarDirichlet" "profile_walker" "eval" "eval" "withVisible" "source" 
".Call" "which_mt" ".DPWalkerUpdate" "WalkerBivarDirichlet" "profile_walker" "eval" "eval" "withVisible" "source" 
".Call" "which_equal" ".DPWalkerUpdate" "WalkerBivarDirichlet" "profile_walker" "eval" "eval" "withVisible" "source" 
".Call" "which_mt" ".DPWalkerUpdate" "WalkerBivarDirichlet" "profile_walker" "eval" "eval" "withVisible" "source" 
".Call" "which_equal" ".DPWalkerUpdate" "WalkerBivarDirichlet" "profile_walker" "eval" "eval" "withVisible" "source" 
".Call" "which_mt" ".DPWalkerUpdate" "WalkerBivarDirichlet" "profile_walker" "eval" "eval" "withVisible" "source" 
".Call" "which_equal" ".DPWalkerUpdate" "WalkerBivarDirichlet" "profile_walker" "eval" "eval" "withVisible" "source" 
".Call" "which_mt" ".DPWalkerUpdate" "WalkerBivarDirichlet" "profile_walker" "eval" "eval" "withVisible" "source" 
".Call" "which_mt" ".DPWalkerUpdate" "WalkerBivarDirichlet" "profile_walker" "eval" "eval" "withVisible" "source" 
".Call" "DPWalkerUpdate_cpp" ".DPWalkerUpdate" "WalkerBivarDirichlet" "profile_walker" "eval" "eval" "withVisible" "source" 
".Call" "which_mt" ".DPWalkerUpdate" "WalkerBivarDirichlet" "profile_walker" "eval" "eval" "withVisible" "source" 
".Call" "which_mt" ".DPWalkerUpdate" "WalkerBivarDirichlet" "profile_walker" "eval" "eval" "withVisible" "source" 
".Call" "which_mt" ".DPWalkerUpdate" "WalkerBivarDirichlet" "profile_walker" "eval" "eval" "withVisible" "source" 
".Call" "which_mt" ".DPWalkerUpdate" "WalkerBivarDirichlet" "profile_walker" "eval" "eval" "withVisible" "source" 
".Call" "which_mt" ".DPWalkerUpdate" "WalkerBivarDirichlet" "profile_walker" "eval" "eval" "withVisible" "source" 
".Call" "which_mt" ".DPWalkerUpdate" "WalkerBivarDirichlet" "profile_walker" "eval" "eval" "withVisible" "source" 
".Call" "which_mt" ".DPWalkerUpdate" "WalkerBivarDirichlet" "profile_walker" "eval" "eval" "withVisible" "source" 
".Call" "which_mt" ".DPWalkerUpdate" "WalkerBivarDirichlet" "profile_walker" "eval" "eval" "withVisible" "source" 
".Call" "which_mt" ".DPWalkerUpdate" "WalkerBivarDirichlet" "profile_walker" "eval" "eval" "withVisible" "source" 
