sample.interval=20000
"^" "stats::dnorm" "<Anonymous>" "mapply" "WalkerBivarDirichlet" "eval" "eval" "withVisible" "source" 
"stats::dnorm" "<Anonymous>" "mapply" "WalkerBivarDirichlet" "eval" "eval" "withVisible" "source" 
"^" "stats::dnorm" "<Anonymous>" "mapply" "WalkerBivarDirichlet" "eval" "eval" "withVisible" "source" 
"^" "stats::dnorm" "<Anonymous>" "mapply" "WalkerBivarDirichlet" "eval" "eval" "withVisible" "source" 
"stats::dnorm" "<Anonymous>" "mapply" "WalkerBivarDirichlet" "eval" "eval" "withVisible" "source" 
"stats::dnorm" "<Anonymous>" "mapply" "WalkerBivarDirichlet" "eval" "eval" "withVisible" "source" 
"^" "stats::dnorm" "<Anonymous>" "mapply" "WalkerBivarDirichlet" "eval" "eval" "withVisible" "source" 
"^" "stats::dnorm" "<Anonymous>" "mapply" "WalkerBivarDirichlet" "eval" "eval" "withVisible" "source" 
"unlist" "simplify2array" "mapply" "WalkerBivarDirichlet" "eval" "eval" "withVisible" "source" 
"unlist" "simplify2array" "mapply" "WalkerBivarDirichlet" "eval" "eval" "withVisible" "source" 
"unlist" "simplify2array" "mapply" "WalkerBivarDirichlet" "eval" "eval" "withVisible" "source" 
"aperm.default" "aperm" "apply" "WalkerBivarDirichlet" "eval" "eval" "withVisible" "source" 
"apply" "WalkerBivarDirichlet" "eval" "eval" "withVisible" "source" 
"apply" "WalkerBivarDirichlet" "eval" "eval" "withVisible" "source" 
"apply" "WalkerBivarDirichlet" "eval" "eval" "withVisible" "source" 
"FUN" "apply" "WalkerBivarDirichlet" "eval" "eval" "withVisible" "source" 
".DPWalkerUpdate" "WalkerBivarDirichlet" "eval" "eval" "withVisible" "source" 
".DPWalkerUpdate" "WalkerBivarDirichlet" "eval" "eval" "withVisible" "source" 
".DPWalkerUpdate" "WalkerBivarDirichlet" "eval" "eval" "withVisible" "source" 
".DPWalkerUpdate" "WalkerBivarDirichlet" "eval" "eval" "withVisible" "source" 
".DPWalkerUpdate" "WalkerBivarDirichlet" "eval" "eval" "withVisible" "source" 
".DPWalkerUpdate" "WalkerBivarDirichlet" "eval" "eval" "withVisible" "source" 
".DPWalkerUpdate" "WalkerBivarDirichlet" "eval" "eval" "withVisible" "source" 
".DPWalkerUpdate" "WalkerBivarDirichlet" "eval" "eval" "withVisible" "source" 
".DPWalkerUpdate" "WalkerBivarDirichlet" "eval" "eval" "withVisible" "source" 
".DPWalkerUpdate" "WalkerBivarDirichlet" "eval" "eval" "withVisible" "source" 
".DPWalkerUpdate" "WalkerBivarDirichlet" "eval" "eval" "withVisible" "source" 
".DPWalkerUpdate" "WalkerBivarDirichlet" "eval" "eval" "withVisible" "source" 
".DPWalkerUpdate" "WalkerBivarDirichlet" "eval" "eval" "withVisible" "source" 
".DPWalkerUpdate" "WalkerBivarDirichlet" "eval" "eval" "withVisible" "source" 
".DPWalkerUpdate" "WalkerBivarDirichlet" "eval" "eval" "withVisible" "source" 
".Call" "SliceSample_cpp" "WalkerBivarDirichlet" "eval" "eval" "withVisible" "source" 
"which" ".DPWalkerUpdate" "WalkerBivarDirichlet" "eval" "eval" "withVisible" "source" 
"sample.int" ".DPWalkerUpdate" "WalkerBivarDirichlet" "eval" "eval" "withVisible" "source" 
"sample.int" ".DPWalkerUpdate" "WalkerBivarDirichlet" "eval" "eval" "withVisible" "source" 
"sample.int" ".DPWalkerUpdate" "WalkerBivarDirichlet" "eval" "eval" "withVisible" "source" 
"c" ".DPWalkerUpdate" "WalkerBivarDirichlet" "eval" "eval" "withVisible" "source" 
".DPWalkerUpdate" "WalkerBivarDirichlet" "eval" "eval" "withVisible" "source" 
".Call" "SliceSample_cpp" "WalkerBivarDirichlet" "eval" "eval" "withVisible" "source" 
"sample.int" ".DPWalkerUpdate" "WalkerBivarDirichlet" "eval" "eval" "withVisible" "source" 
"sample.int" ".DPWalkerUpdate" "WalkerBivarDirichlet" "eval" "eval" "withVisible" "source" 
"stats::dnorm" ".DPWalkerUpdate" "WalkerBivarDirichlet" "eval" "eval" "withVisible" "source" 
"stopifnot" "sample.int" ".DPWalkerUpdate" "WalkerBivarDirichlet" "eval" "eval" "withVisible" "source" 
".Call" "SliceSample_cpp" "WalkerBivarDirichlet" "eval" "eval" "withVisible" "source" 
".Call" "SliceSample_cpp" "WalkerBivarDirichlet" "eval" "eval" "withVisible" "source" 
".Call" "SliceSample_cpp" "WalkerBivarDirichlet" "eval" "eval" "withVisible" "source" 
"stats::dnorm" ".DPWalkerUpdate" "WalkerBivarDirichlet" "eval" "eval" "withVisible" "source" 
".Call" "SliceSample_cpp" "WalkerBivarDirichlet" "eval" "eval" "withVisible" "source" 
">" "which" ".DPWalkerUpdate" "WalkerBivarDirichlet" "eval" "eval" "withVisible" "source" 
".Call" "SliceSample_cpp" "WalkerBivarDirichlet" "eval" "eval" "withVisible" "source" 
"sample.int" ".DPWalkerUpdate" "WalkerBivarDirichlet" "eval" "eval" "withVisible" "source" 
".DPWalkerUpdate" "WalkerBivarDirichlet" "eval" "eval" "withVisible" "source" 
"sample.int" ".DPWalkerUpdate" "WalkerBivarDirichlet" "eval" "eval" "withVisible" "source" 
"sample.int" ".DPWalkerUpdate" "WalkerBivarDirichlet" "eval" "eval" "withVisible" "source" 
".Call" "SliceSample_cpp" "WalkerBivarDirichlet" "eval" "eval" "withVisible" "source" 
"sample.int" ".DPWalkerUpdate" "WalkerBivarDirichlet" "eval" "eval" "withVisible" "source" 
"sample.int" ".DPWalkerUpdate" "WalkerBivarDirichlet" "eval" "eval" "withVisible" "source" 
"stats::dnorm" ".DPWalkerUpdate" "WalkerBivarDirichlet" "eval" "eval" "withVisible" "source" 
".Call" "SliceSample_cpp" "WalkerBivarDirichlet" "eval" "eval" "withVisible" "source" 
".Call" "SliceSample_cpp" "WalkerBivarDirichlet" "eval" "eval" "withVisible" "source" 
".Call" "SliceSample_cpp" "WalkerBivarDirichlet" "eval" "eval" "withVisible" "source" 
".Call" "SliceSample_cpp" "WalkerBivarDirichlet" "eval" "eval" "withVisible" "source" 
".Call" "SliceSample_cpp" "WalkerBivarDirichlet" "eval" "eval" "withVisible" "source" 
"sample.int" ".DPWalkerUpdate" "WalkerBivarDirichlet" "eval" "eval" "withVisible" "source" 
".Call" "SliceSample_cpp" "WalkerBivarDirichlet" "eval" "eval" "withVisible" "source" 
"==" "which" ".DPWalkerUpdate" "WalkerBivarDirichlet" "eval" "eval" "withVisible" "source" 
"sample.int" ".DPWalkerUpdate" "WalkerBivarDirichlet" "eval" "eval" "withVisible" "source" 
".DPWalkerUpdate" "WalkerBivarDirichlet" "eval" "eval" "withVisible" "source" 
".Call" "SliceSample_cpp" "WalkerBivarDirichlet" "eval" "eval" "withVisible" "source" 
".Call" "SliceSample_cpp" "WalkerBivarDirichlet" "eval" "eval" "withVisible" "source" 
".Call" "SliceSample_cpp" "WalkerBivarDirichlet" "eval" "eval" "withVisible" "source" 
"which" ".DPWalkerUpdate" "WalkerBivarDirichlet" "eval" "eval" "withVisible" "source" 
".Call" "SliceSample_cpp" "WalkerBivarDirichlet" "eval" "eval" "withVisible" "source" 
".Call" "SliceSample_cpp" "WalkerBivarDirichlet" "eval" "eval" "withVisible" "source" 
"stopifnot" "sample.int" ".DPWalkerUpdate" "WalkerBivarDirichlet" "eval" "eval" "withVisible" "source" 
".Call" "SliceSample_cpp" "WalkerBivarDirichlet" "eval" "eval" "withVisible" "source" 
".Call" "SliceSample_cpp" "WalkerBivarDirichlet" "eval" "eval" "withVisible" "source" 
"sample.int" ".DPWalkerUpdate" "WalkerBivarDirichlet" "eval" "eval" "withVisible" "source" 
".Call" "SliceSample_cpp" "WalkerBivarDirichlet" "eval" "eval" "withVisible" "source" 
".Call" "SliceSample_cpp" "WalkerBivarDirichlet" "eval" "eval" "withVisible" "source" 
".DPWalkerUpdate" "WalkerBivarDirichlet" "eval" "eval" "withVisible" "source" 
"sample.int" ".DPWalkerUpdate" "WalkerBivarDirichlet" "eval" "eval" "withVisible" "source" 
".Call" "SliceSample_cpp" "WalkerBivarDirichlet" "eval" "eval" "withVisible" "source" 
"which" ".DPWalkerUpdate" "WalkerBivarDirichlet" "eval" "eval" "withVisible" "source" 
".Call" "SliceSample_cpp" "WalkerBivarDirichlet" "eval" "eval" "withVisible" "source" 
".Call" "SliceSample_cpp" "WalkerBivarDirichlet" "eval" "eval" "withVisible" "source" 
".DPWalkerUpdate" "WalkerBivarDirichlet" "eval" "eval" "withVisible" "source" 
".Call" "SliceSample_cpp" "WalkerBivarDirichlet" "eval" "eval" "withVisible" "source" 
"stopifnot" "sample.int" ".DPWalkerUpdate" "WalkerBivarDirichlet" "eval" "eval" "withVisible" "source" 
".Call" "SliceSample_cpp" "WalkerBivarDirichlet" "eval" "eval" "withVisible" "source" 
"stats::runif" ".DPWalkerUpdate" "WalkerBivarDirichlet" "eval" "eval" "withVisible" "source" 
".Call" "SliceSample_cpp" "WalkerBivarDirichlet" "eval" "eval" "withVisible" "source" 
".Call" "SliceSample_cpp" "WalkerBivarDirichlet" "eval" "eval" "withVisible" "source" 
"SliceSample_cpp" "WalkerBivarDirichlet" "eval" "eval" "withVisible" "source" 
".Call" "SliceSample_cpp" "WalkerBivarDirichlet" "eval" "eval" "withVisible" "source" 
".Call" "SliceSample_cpp" "WalkerBivarDirichlet" "eval" "eval" "withVisible" "source" 
".Call" "SliceSample_cpp" "WalkerBivarDirichlet" "eval" "eval" "withVisible" "source" 
"stopifnot" "sample.int" ".DPWalkerUpdate" "WalkerBivarDirichlet" "eval" "eval" "withVisible" "source" 
".Call" "SliceSample_cpp" "WalkerBivarDirichlet" "eval" "eval" "withVisible" "source" 
"stats::dnorm" ".DPWalkerUpdate" "WalkerBivarDirichlet" "eval" "eval" "withVisible" "source" 
".Call" "SliceSample_cpp" "WalkerBivarDirichlet" "eval" "eval" "withVisible" "source" 
".Call" "SliceSample_cpp" "WalkerBivarDirichlet" "eval" "eval" "withVisible" "source" 
"sample.int" ".DPWalkerUpdate" "WalkerBivarDirichlet" "eval" "eval" "withVisible" "source" 
".Call" "SliceSample_cpp" "WalkerBivarDirichlet" "eval" "eval" "withVisible" "source" 
"stopifnot" "sample.int" ".DPWalkerUpdate" "WalkerBivarDirichlet" "eval" "eval" "withVisible" "source" 
".Call" "SliceSample_cpp" "WalkerBivarDirichlet" "eval" "eval" "withVisible" "source" 
"sample.int" ".DPWalkerUpdate" "WalkerBivarDirichlet" "eval" "eval" "withVisible" "source" 
".Call" "SliceSample_cpp" "WalkerBivarDirichlet" "eval" "eval" "withVisible" "source" 
".Call" "SliceSample_cpp" "WalkerBivarDirichlet" "eval" "eval" "withVisible" "source" 
"unique.default" "unique" ".WalkerUpdateAlpha" "WalkerBivarDirichlet" "eval" "eval" "withVisible" "source" 
".Call" "SliceSample_cpp" "WalkerBivarDirichlet" "eval" "eval" "withVisible" "source" 
".Call" "SliceSample_cpp" "WalkerBivarDirichlet" "eval" "eval" "withVisible" "source" 
".Call" "SliceSample_cpp" "WalkerBivarDirichlet" "eval" "eval" "withVisible" "source" 
"stopifnot" "sample.int" ".DPWalkerUpdate" "WalkerBivarDirichlet" "eval" "eval" "withVisible" "source" 
".Call" "SliceSample_cpp" "WalkerBivarDirichlet" "eval" "eval" "withVisible" "source" 
".Call" "SliceSample_cpp" "WalkerBivarDirichlet" "eval" "eval" "withVisible" "source" 
".Call" "SliceSample_cpp" "WalkerBivarDirichlet" "eval" "eval" "withVisible" "source" 
".DPWalkerUpdate" "WalkerBivarDirichlet" "eval" "eval" "withVisible" "source" 
"stats::runif" ".WalkerUpdateAlpha" "WalkerBivarDirichlet" "eval" "eval" "withVisible" "source" 
"WalkerBivarDirichlet" "eval" "eval" "withVisible" "source" 
".Call" "SliceSample_cpp" "WalkerBivarDirichlet" "eval" "eval" "withVisible" "source" 
"sample.int" ".DPWalkerUpdate" "WalkerBivarDirichlet" "eval" "eval" "withVisible" "source" 
".Call" "SliceSample_cpp" "WalkerBivarDirichlet" "eval" "eval" "withVisible" "source" 
".Call" "SliceSample_cpp" "WalkerBivarDirichlet" "eval" "eval" "withVisible" "source" 
".Call" "SliceSample_cpp" "WalkerBivarDirichlet" "eval" "eval" "withVisible" "source" 
">" "which" ".DPWalkerUpdate" "WalkerBivarDirichlet" "eval" "eval" "withVisible" "source" 
"sample.int" ".DPWalkerUpdate" "WalkerBivarDirichlet" "eval" "eval" "withVisible" "source" 
".Call" "SliceSample_cpp" "WalkerBivarDirichlet" "eval" "eval" "withVisible" "source" 
"sample.int" ".DPWalkerUpdate" "WalkerBivarDirichlet" "eval" "eval" "withVisible" "source" 
".DPWalkerUpdate" "WalkerBivarDirichlet" "eval" "eval" "withVisible" "source" 
".Call" "SliceSample_cpp" "WalkerBivarDirichlet" "eval" "eval" "withVisible" "source" 
"stopifnot" "sample.int" ".DPWalkerUpdate" "WalkerBivarDirichlet" "eval" "eval" "withVisible" "source" 
".Call" "SliceSample_cpp" "WalkerBivarDirichlet" "eval" "eval" "withVisible" "source" 
".Call" "SliceSample_cpp" "WalkerBivarDirichlet" "eval" "eval" "withVisible" "source" 
".Call" "SliceSample_cpp" "WalkerBivarDirichlet" "eval" "eval" "withVisible" "source" 
"stopifnot" "sample.int" ".DPWalkerUpdate" "WalkerBivarDirichlet" "eval" "eval" "withVisible" "source" 
".Call" "SliceSample_cpp" "WalkerBivarDirichlet" "eval" "eval" "withVisible" "source" 
".Call" "SliceSample_cpp" "WalkerBivarDirichlet" "eval" "eval" "withVisible" "source" 
".DPWalkerUpdate" "WalkerBivarDirichlet" "eval" "eval" "withVisible" "source" 
".Call" "SliceSample_cpp" "WalkerBivarDirichlet" "eval" "eval" "withVisible" "source" 
".DPWalkerUpdate" "WalkerBivarDirichlet" "eval" "eval" "withVisible" "source" 
"length" "...elt" "stopifnot" "sample.int" ".DPWalkerUpdate" "WalkerBivarDirichlet" "eval" "eval" "withVisible" "source" 
".Call" "SliceSample_cpp" "WalkerBivarDirichlet" "eval" "eval" "withVisible" "source" 
".Call" "SliceSample_cpp" "WalkerBivarDirichlet" "eval" "eval" "withVisible" "source" 
"...elt" "stopifnot" "sample.int" ".DPWalkerUpdate" "WalkerBivarDirichlet" "eval" "eval" "withVisible" "source" 
".Call" "SliceSample_cpp" "WalkerBivarDirichlet" "eval" "eval" "withVisible" "source" 
".Call" "SliceSample_cpp" "WalkerBivarDirichlet" "eval" "eval" "withVisible" "source" 
".Call" "SliceSample_cpp" "WalkerBivarDirichlet" "eval" "eval" "withVisible" "source" 
".WalkerUpdateAlpha" "WalkerBivarDirichlet" "eval" "eval" "withVisible" "source" 
"WalkerBivarDirichlet" "eval" "eval" "withVisible" "source" 
".Call" "SliceSample_cpp" "WalkerBivarDirichlet" "eval" "eval" "withVisible" "source" 
".Call" "SliceSample_cpp" "WalkerBivarDirichlet" "eval" "eval" "withVisible" "source" 
".DPWalkerUpdate" "WalkerBivarDirichlet" "eval" "eval" "withVisible" "source" 
".Call" "SliceSample_cpp" "WalkerBivarDirichlet" "eval" "eval" "withVisible" "source" 
".Call" "SliceSample_cpp" "WalkerBivarDirichlet" "eval" "eval" "withVisible" "source" 
"sample.int" ".DPWalkerUpdate" "WalkerBivarDirichlet" "eval" "eval" "withVisible" "source" 
".Call" "SliceSample_cpp" "WalkerBivarDirichlet" "eval" "eval" "withVisible" "source" 
"sample.int" ".DPWalkerUpdate" "WalkerBivarDirichlet" "eval" "eval" "withVisible" "source" 
".Call" "SliceSample_cpp" "WalkerBivarDirichlet" "eval" "eval" "withVisible" "source" 
".DPWalkerUpdate" "WalkerBivarDirichlet" "eval" "eval" "withVisible" "source" 
".DPWalkerUpdate" "WalkerBivarDirichlet" "eval" "eval" "withVisible" "source" 
".Call" "SliceSample_cpp" "WalkerBivarDirichlet" "eval" "eval" "withVisible" "source" 
".Call" "SliceSample_cpp" "WalkerBivarDirichlet" "eval" "eval" "withVisible" "source" 
"WalkerBivarDirichlet" "eval" "eval" "withVisible" "source" 
".Call" "SliceSample_cpp" "WalkerBivarDirichlet" "eval" "eval" "withVisible" "source" 
"stats::dnorm" ".DPWalkerUpdate" "WalkerBivarDirichlet" "eval" "eval" "withVisible" "source" 
"stats::pnorm" ".WalkerUpdateAlpha" "WalkerBivarDirichlet" "eval" "eval" "withVisible" "source" 
"stats::dnorm" ".DPWalkerUpdate" "WalkerBivarDirichlet" "eval" "eval" "withVisible" "source" 
".Call" "SliceSample_cpp" "WalkerBivarDirichlet" "eval" "eval" "withVisible" "source" 
"sample.int" ".DPWalkerUpdate" "WalkerBivarDirichlet" "eval" "eval" "withVisible" "source" 
".Call" "SliceSample_cpp" "WalkerBivarDirichlet" "eval" "eval" "withVisible" "source" 
".Call" "SliceSample_cpp" "WalkerBivarDirichlet" "eval" "eval" "withVisible" "source" 
".Call" "SliceSample_cpp" "WalkerBivarDirichlet" "eval" "eval" "withVisible" "source" 
".Call" "SliceSample_cpp" "WalkerBivarDirichlet" "eval" "eval" "withVisible" "source" 
".Call" "SliceSample_cpp" "WalkerBivarDirichlet" "eval" "eval" "withVisible" "source" 
".Call" "SliceSample_cpp" "WalkerBivarDirichlet" "eval" "eval" "withVisible" "source" 
".Call" "SliceSample_cpp" "WalkerBivarDirichlet" "eval" "eval" "withVisible" "source" 
"isTRUE" "which" ".DPWalkerUpdate" "WalkerBivarDirichlet" "eval" "eval" "withVisible" "source" 
".Call" "SliceSample_cpp" "WalkerBivarDirichlet" "eval" "eval" "withVisible" "source" 
".Call" "SliceSample_cpp" "WalkerBivarDirichlet" "eval" "eval" "withVisible" "source" 
"stats::rgamma" ".UpdatePhiTau" ".DPWalkerUpdate" "WalkerBivarDirichlet" "eval" "eval" "withVisible" "source" 
"WalkerBivarDirichlet" "eval" "eval" "withVisible" "source" 
".Call" "SliceSample_cpp" "WalkerBivarDirichlet" "eval" "eval" "withVisible" "source" 
"which" ".DPWalkerUpdate" "WalkerBivarDirichlet" "eval" "eval" "withVisible" "source" 
"stats::rnorm" ".UpdatePhiTau" ".DPWalkerUpdate" "WalkerBivarDirichlet" "eval" "eval" "withVisible" "source" 
"sample.int" ".DPWalkerUpdate" "WalkerBivarDirichlet" "eval" "eval" "withVisible" "source" 
"stats::dnorm" ".DPWalkerUpdate" "WalkerBivarDirichlet" "eval" "eval" "withVisible" "source" 
".Call" "SliceSample_cpp" "WalkerBivarDirichlet" "eval" "eval" "withVisible" "source" 
".Call" "SliceSample_cpp" "WalkerBivarDirichlet" "eval" "eval" "withVisible" "source" 
".Call" "SliceSample_cpp" "WalkerBivarDirichlet" "eval" "eval" "withVisible" "source" 
".DPWalkerUpdate" "WalkerBivarDirichlet" "eval" "eval" "withVisible" "source" 
"sample.int" ".DPWalkerUpdate" "WalkerBivarDirichlet" "eval" "eval" "withVisible" "source" 
".Call" "SliceSample_cpp" "WalkerBivarDirichlet" "eval" "eval" "withVisible" "source" 
"sample.int" ".DPWalkerUpdate" "WalkerBivarDirichlet" "eval" "eval" "withVisible" "source" 
".Call" "SliceSample_cpp" "WalkerBivarDirichlet" "eval" "eval" "withVisible" "source" 
".Call" "SliceSample_cpp" "WalkerBivarDirichlet" "eval" "eval" "withVisible" "source" 
".Call" "SliceSample_cpp" "WalkerBivarDirichlet" "eval" "eval" "withVisible" "source" 
"stopifnot" "sample.int" ".DPWalkerUpdate" "WalkerBivarDirichlet" "eval" "eval" "withVisible" "source" 
".Call" "SliceSample_cpp" "WalkerBivarDirichlet" "eval" "eval" "withVisible" "source" 
".Call" "SliceSample_cpp" "WalkerBivarDirichlet" "eval" "eval" "withVisible" "source" 
"stopifnot" "sample.int" ".DPWalkerUpdate" "WalkerBivarDirichlet" "eval" "eval" "withVisible" "source" 
".Call" "SliceSample_cpp" "WalkerBivarDirichlet" "eval" "eval" "withVisible" "source" 
".Call" "SliceSample_cpp" "WalkerBivarDirichlet" "eval" "eval" "withVisible" "source" 
".Call" "SliceSample_cpp" "WalkerBivarDirichlet" "eval" "eval" "withVisible" "source" 
"stats::rnorm" ".DPWalkerUpdate" "WalkerBivarDirichlet" "eval" "eval" "withVisible" "source" 
".DPWalkerUpdate" "WalkerBivarDirichlet" "eval" "eval" "withVisible" "source" 
"sample.int" ".DPWalkerUpdate" "WalkerBivarDirichlet" "eval" "eval" "withVisible" "source" 
"sample.int" ".DPWalkerUpdate" "WalkerBivarDirichlet" "eval" "eval" "withVisible" "source" 
"sample.int" ".DPWalkerUpdate" "WalkerBivarDirichlet" "eval" "eval" "withVisible" "source" 
".Call" "SliceSample_cpp" "WalkerBivarDirichlet" "eval" "eval" "withVisible" "source" 
".Call" "SliceSample_cpp" "WalkerBivarDirichlet" "eval" "eval" "withVisible" "source" 
"which" ".DPWalkerUpdate" "WalkerBivarDirichlet" "eval" "eval" "withVisible" "source" 
".Call" "SliceSample_cpp" "WalkerBivarDirichlet" "eval" "eval" "withVisible" "source" 
"sample.int" ".DPWalkerUpdate" "WalkerBivarDirichlet" "eval" "eval" "withVisible" "source" 
".DPWalkerUpdate" "WalkerBivarDirichlet" "eval" "eval" "withVisible" "source" 
".Call" "SliceSample_cpp" "WalkerBivarDirichlet" "eval" "eval" "withVisible" "source" 
"which" ".DPWalkerUpdate" "WalkerBivarDirichlet" "eval" "eval" "withVisible" "source" 
"stopifnot" "sample.int" ".DPWalkerUpdate" "WalkerBivarDirichlet" "eval" "eval" "withVisible" "source" 
".Call" "SliceSample_cpp" "WalkerBivarDirichlet" "eval" "eval" "withVisible" "source" 
".Call" "SliceSample_cpp" "WalkerBivarDirichlet" "eval" "eval" "withVisible" "source" 
".Call" "SliceSample_cpp" "WalkerBivarDirichlet" "eval" "eval" "withVisible" "source" 
".Call" "SliceSample_cpp" "WalkerBivarDirichlet" "eval" "eval" "withVisible" "source" 
"sample.int" ".DPWalkerUpdate" "WalkerBivarDirichlet" "eval" "eval" "withVisible" "source" 
".Call" "SliceSample_cpp" "WalkerBivarDirichlet" "eval" "eval" "withVisible" "source" 
".DPWalkerUpdate" "WalkerBivarDirichlet" "eval" "eval" "withVisible" "source" 
".Call" "SliceSample_cpp" "WalkerBivarDirichlet" "eval" "eval" "withVisible" "source" 
"sample.int" ".DPWalkerUpdate" "WalkerBivarDirichlet" "eval" "eval" "withVisible" "source" 
"stopifnot" "sample.int" ".DPWalkerUpdate" "WalkerBivarDirichlet" "eval" "eval" "withVisible" "source" 
".Call" "SliceSample_cpp" "WalkerBivarDirichlet" "eval" "eval" "withVisible" "source" 
".Call" "SliceSample_cpp" "WalkerBivarDirichlet" "eval" "eval" "withVisible" "source" 
"isTRUE" "which" ".DPWalkerUpdate" "WalkerBivarDirichlet" "eval" "eval" "withVisible" "source" 
".Call" "SliceSample_cpp" "WalkerBivarDirichlet" "eval" "eval" "withVisible" "source" 
".Call" "SliceSample_cpp" "WalkerBivarDirichlet" "eval" "eval" "withVisible" "source" 
".Call" "SliceSample_cpp" "WalkerBivarDirichlet" "eval" "eval" "withVisible" "source" 
".Call" "SliceSample_cpp" "WalkerBivarDirichlet" "eval" "eval" "withVisible" "source" 
".DPWalkerUpdate" "WalkerBivarDirichlet" "eval" "eval" "withVisible" "source" 
".Call" "SliceSample_cpp" "WalkerBivarDirichlet" "eval" "eval" "withVisible" "source" 
".Call" "SliceSample_cpp" "WalkerBivarDirichlet" "eval" "eval" "withVisible" "source" 
".Call" "SliceSample_cpp" "WalkerBivarDirichlet" "eval" "eval" "withVisible" "source" 
"stopifnot" "sample.int" ".DPWalkerUpdate" "WalkerBivarDirichlet" "eval" "eval" "withVisible" "source" 
".Call" "SliceSample_cpp" "WalkerBivarDirichlet" "eval" "eval" "withVisible" "source" 
".DPWalkerUpdate" "WalkerBivarDirichlet" "eval" "eval" "withVisible" "source" 
".Call" "SliceSample_cpp" "WalkerBivarDirichlet" "eval" "eval" "withVisible" "source" 
"SliceSample_cpp" "WalkerBivarDirichlet" "eval" "eval" "withVisible" "source" 
".Call" "SliceSample_cpp" "WalkerBivarDirichlet" "eval" "eval" "withVisible" "source" 
".Call" "SliceSample_cpp" "WalkerBivarDirichlet" "eval" "eval" "withVisible" "source" 
".Call" "SliceSample_cpp" "WalkerBivarDirichlet" "eval" "eval" "withVisible" "source" 
"stats::dnorm" ".DPWalkerUpdate" "WalkerBivarDirichlet" "eval" "eval" "withVisible" "source" 
".Call" "SliceSample_cpp" "WalkerBivarDirichlet" "eval" "eval" "withVisible" "source" 
".Call" "SliceSample_cpp" "WalkerBivarDirichlet" "eval" "eval" "withVisible" "source" 
"stopifnot" "sample.int" ".DPWalkerUpdate" "WalkerBivarDirichlet" "eval" "eval" "withVisible" "source" 
"sample.int" ".DPWalkerUpdate" "WalkerBivarDirichlet" "eval" "eval" "withVisible" "source" 
"stopifnot" "sample.int" ".DPWalkerUpdate" "WalkerBivarDirichlet" "eval" "eval" "withVisible" "source" 
".Call" "SliceSample_cpp" "WalkerBivarDirichlet" "eval" "eval" "withVisible" "source" 
".DPWalkerUpdate" "WalkerBivarDirichlet" "eval" "eval" "withVisible" "source" 
".Call" "SliceSample_cpp" "WalkerBivarDirichlet" "eval" "eval" "withVisible" "source" 
".Call" "SliceSample_cpp" "WalkerBivarDirichlet" "eval" "eval" "withVisible" "source" 
".DPWalkerUpdate" "WalkerBivarDirichlet" "eval" "eval" "withVisible" "source" 
".Call" "SliceSample_cpp" "WalkerBivarDirichlet" "eval" "eval" "withVisible" "source" 
".Call" "SliceSample_cpp" "WalkerBivarDirichlet" "eval" "eval" "withVisible" "source" 
"which" ".DPWalkerUpdate" "WalkerBivarDirichlet" "eval" "eval" "withVisible" "source" 
"...elt" "stopifnot" "sample.int" ".DPWalkerUpdate" "WalkerBivarDirichlet" "eval" "eval" "withVisible" "source" 
"max" ".DPWalkerUpdate" "WalkerBivarDirichlet" "eval" "eval" "withVisible" "source" 
".DPWalkerUpdate" "WalkerBivarDirichlet" "eval" "eval" "withVisible" "source" 
">" "which" ".DPWalkerUpdate" "WalkerBivarDirichlet" "eval" "eval" "withVisible" "source" 
"stats::rnorm" ".DPWalkerUpdate" "WalkerBivarDirichlet" "eval" "eval" "withVisible" "source" 
".Call" "SliceSample_cpp" "WalkerBivarDirichlet" "eval" "eval" "withVisible" "source" 
".Call" "SliceSample_cpp" "WalkerBivarDirichlet" "eval" "eval" "withVisible" "source" 
".Call" "SliceSample_cpp" "WalkerBivarDirichlet" "eval" "eval" "withVisible" "source" 
".Call" "SliceSample_cpp" "WalkerBivarDirichlet" "eval" "eval" "withVisible" "source" 
".Call" "SliceSample_cpp" "WalkerBivarDirichlet" "eval" "eval" "withVisible" "source" 
"sample.int" ".DPWalkerUpdate" "WalkerBivarDirichlet" "eval" "eval" "withVisible" "source" 
"stopifnot" "sample.int" ".DPWalkerUpdate" "WalkerBivarDirichlet" "eval" "eval" "withVisible" "source" 
".DPWalkerUpdate" "WalkerBivarDirichlet" "eval" "eval" "withVisible" "source" 
".Call" "SliceSample_cpp" "WalkerBivarDirichlet" "eval" "eval" "withVisible" "source" 
".Call" "SliceSample_cpp" "WalkerBivarDirichlet" "eval" "eval" "withVisible" "source" 
".Call" "SliceSample_cpp" "WalkerBivarDirichlet" "eval" "eval" "withVisible" "source" 
".DPWalkerUpdate" "WalkerBivarDirichlet" "eval" "eval" "withVisible" "source" 
".Call" "SliceSample_cpp" "WalkerBivarDirichlet" "eval" "eval" "withVisible" "source" 
".Call" "SliceSample_cpp" "WalkerBivarDirichlet" "eval" "eval" "withVisible" "source" 
"WalkerBivarDirichlet" "eval" "eval" "withVisible" "source" 
".Call" "SliceSample_cpp" "WalkerBivarDirichlet" "eval" "eval" "withVisible" "source" 
".DPWalkerUpdate" "WalkerBivarDirichlet" "eval" "eval" "withVisible" "source" 
".Call" "SliceSample_cpp" "WalkerBivarDirichlet" "eval" "eval" "withVisible" "source" 
".Call" "SliceSample_cpp" "WalkerBivarDirichlet" "eval" "eval" "withVisible" "source" 
"sample.int" ".DPWalkerUpdate" "WalkerBivarDirichlet" "eval" "eval" "withVisible" "source" 
".Call" "SliceSample_cpp" "WalkerBivarDirichlet" "eval" "eval" "withVisible" "source" 
".DPWalkerUpdate" "WalkerBivarDirichlet" "eval" "eval" "withVisible" "source" 
".Call" "SliceSample_cpp" "WalkerBivarDirichlet" "eval" "eval" "withVisible" "source" 
"mean.default" "mean" ".UpdatePhiTau" ".DPWalkerUpdate" "WalkerBivarDirichlet" "eval" "eval" "withVisible" "source" 
"stats::rgamma" ".UpdatePhiTau" ".DPWalkerUpdate" "WalkerBivarDirichlet" "eval" "eval" "withVisible" "source" 
"stats::dnorm" ".DPWalkerUpdate" "WalkerBivarDirichlet" "eval" "eval" "withVisible" "source" 
".Call" "SliceSample_cpp" "WalkerBivarDirichlet" "eval" "eval" "withVisible" "source" 
"length" "isTRUE" "mean.default" "mean" ".UpdatePhiTau" ".DPWalkerUpdate" "WalkerBivarDirichlet" "eval" "eval" "withVisible" "source" 
".DPWalkerUpdate" "WalkerBivarDirichlet" "eval" "eval" "withVisible" "source" 
".Call" "SliceSample_cpp" "WalkerBivarDirichlet" "eval" "eval" "withVisible" "source" 
".Call" "SliceSample_cpp" "WalkerBivarDirichlet" "eval" "eval" "withVisible" "source" 
"stats::dnorm" ".DPWalkerUpdate" "WalkerBivarDirichlet" "eval" "eval" "withVisible" "source" 
"sample.int" ".DPWalkerUpdate" "WalkerBivarDirichlet" "eval" "eval" "withVisible" "source" 
".DPWalkerUpdate" "WalkerBivarDirichlet" "eval" "eval" "withVisible" "source" 
".Call" "SliceSample_cpp" "WalkerBivarDirichlet" "eval" "eval" "withVisible" "source" 
".DPWalkerUpdate" "WalkerBivarDirichlet" "eval" "eval" "withVisible" "source" 
".Call" "SliceSample_cpp" "WalkerBivarDirichlet" "eval" "eval" "withVisible" "source" 
".Call" "SliceSample_cpp" "WalkerBivarDirichlet" "eval" "eval" "withVisible" "source" 
".Call" "SliceSample_cpp" "WalkerBivarDirichlet" "eval" "eval" "withVisible" "source" 
"sample.int" ".DPWalkerUpdate" "WalkerBivarDirichlet" "eval" "eval" "withVisible" "source" 
"sample.int" ".DPWalkerUpdate" "WalkerBivarDirichlet" "eval" "eval" "withVisible" "source" 
"stats::dnorm" ".DPWalkerUpdate" "WalkerBivarDirichlet" "eval" "eval" "withVisible" "source" 
".Call" "SliceSample_cpp" "WalkerBivarDirichlet" "eval" "eval" "withVisible" "source" 
"stats::dnorm" ".DPWalkerUpdate" "WalkerBivarDirichlet" "eval" "eval" "withVisible" "source" 
".Call" "SliceSample_cpp" "WalkerBivarDirichlet" "eval" "eval" "withVisible" "source" 
".Call" "SliceSample_cpp" "WalkerBivarDirichlet" "eval" "eval" "withVisible" "source" 
"which" ".DPWalkerUpdate" "WalkerBivarDirichlet" "eval" "eval" "withVisible" "source" 
".Call" "SliceSample_cpp" "WalkerBivarDirichlet" "eval" "eval" "withVisible" "source" 
"isTRUE" "which" ".DPWalkerUpdate" "WalkerBivarDirichlet" "eval" "eval" "withVisible" "source" 
"sample.int" ".DPWalkerUpdate" "WalkerBivarDirichlet" "eval" "eval" "withVisible" "source" 
"all" "stopifnot" "sample.int" ".DPWalkerUpdate" "WalkerBivarDirichlet" "eval" "eval" "withVisible" "source" 
".DPWalkerUpdate" "WalkerBivarDirichlet" "eval" "eval" "withVisible" "source" 
".Call" "SliceSample_cpp" "WalkerBivarDirichlet" "eval" "eval" "withVisible" "source" 
".Call" "SliceSample_cpp" "WalkerBivarDirichlet" "eval" "eval" "withVisible" "source" 
"stopifnot" "sample.int" ".DPWalkerUpdate" "WalkerBivarDirichlet" "eval" "eval" "withVisible" "source" 
".Call" "SliceSample_cpp" "WalkerBivarDirichlet" "eval" "eval" "withVisible" "source" 
"which" ".DPWalkerUpdate" "WalkerBivarDirichlet" "eval" "eval" "withVisible" "source" 
".Call" "SliceSample_cpp" "WalkerBivarDirichlet" "eval" "eval" "withVisible" "source" 
"...elt" "stopifnot" "sample.int" ".DPWalkerUpdate" "WalkerBivarDirichlet" "eval" "eval" "withVisible" "source" 
".DPWalkerUpdate" "WalkerBivarDirichlet" "eval" "eval" "withVisible" "source" 
".DPWalkerUpdate" "WalkerBivarDirichlet" "eval" "eval" "withVisible" "source" 
".Call" "SliceSample_cpp" "WalkerBivarDirichlet" "eval" "eval" "withVisible" "source" 
".Call" "SliceSample_cpp" "WalkerBivarDirichlet" "eval" "eval" "withVisible" "source" 
".DPWalkerUpdate" "WalkerBivarDirichlet" "eval" "eval" "withVisible" "source" 
".Call" "SliceSample_cpp" "WalkerBivarDirichlet" "eval" "eval" "withVisible" "source" 
"sample.int" ".DPWalkerUpdate" "WalkerBivarDirichlet" "eval" "eval" "withVisible" "source" 
".Call" "SliceSample_cpp" "WalkerBivarDirichlet" "eval" "eval" "withVisible" "source" 
".Call" "SliceSample_cpp" "WalkerBivarDirichlet" "eval" "eval" "withVisible" "source" 
"isTRUE" "which" ".DPWalkerUpdate" "WalkerBivarDirichlet" "eval" "eval" "withVisible" "source" 
".Call" "SliceSample_cpp" "WalkerBivarDirichlet" "eval" "eval" "withVisible" "source" 
"stopifnot" "sample.int" ".DPWalkerUpdate" "WalkerBivarDirichlet" "eval" "eval" "withVisible" "source" 
".Call" "SliceSample_cpp" "WalkerBivarDirichlet" "eval" "eval" "withVisible" "source" 
".Call" "SliceSample_cpp" "WalkerBivarDirichlet" "eval" "eval" "withVisible" "source" 
".DPWalkerUpdate" "WalkerBivarDirichlet" "eval" "eval" "withVisible" "source" 
".Call" "SliceSample_cpp" "WalkerBivarDirichlet" "eval" "eval" "withVisible" "source" 
"SliceSample_cpp" "WalkerBivarDirichlet" "eval" "eval" "withVisible" "source" 
".Call" "SliceSample_cpp" "WalkerBivarDirichlet" "eval" "eval" "withVisible" "source" 
".Call" "SliceSample_cpp" "WalkerBivarDirichlet" "eval" "eval" "withVisible" "source" 
".Call" "SliceSample_cpp" "WalkerBivarDirichlet" "eval" "eval" "withVisible" "source" 
".Call" "SliceSample_cpp" "WalkerBivarDirichlet" "eval" "eval" "withVisible" "source" 
".DPWalkerUpdate" "WalkerBivarDirichlet" "eval" "eval" "withVisible" "source" 
".Call" "SliceSample_cpp" "WalkerBivarDirichlet" "eval" "eval" "withVisible" "source" 
".Call" "SliceSample_cpp" "WalkerBivarDirichlet" "eval" "eval" "withVisible" "source" 
".Call" "SliceSample_cpp" "WalkerBivarDirichlet" "eval" "eval" "withVisible" "source" 
"stopifnot" "sample.int" ".DPWalkerUpdate" "WalkerBivarDirichlet" "eval" "eval" "withVisible" "source" 
".Call" "SliceSample_cpp" "WalkerBivarDirichlet" "eval" "eval" "withVisible" "source" 
".Call" "SliceSample_cpp" "WalkerBivarDirichlet" "eval" "eval" "withVisible" "source" 
"is.numeric" "mean.default" "mean" ".UpdatePhiTau" ".DPWalkerUpdate" "WalkerBivarDirichlet" "eval" "eval" "withVisible" "source" 
"stopifnot" "sample.int" ".DPWalkerUpdate" "WalkerBivarDirichlet" "eval" "eval" "withVisible" "source" 
".Call" "SliceSample_cpp" "WalkerBivarDirichlet" "eval" "eval" "withVisible" "source" 
"sample.int" ".DPWalkerUpdate" "WalkerBivarDirichlet" "eval" "eval" "withVisible" "source" 
".Call" "SliceSample_cpp" "WalkerBivarDirichlet" "eval" "eval" "withVisible" "source" 
"sample.int" ".DPWalkerUpdate" "WalkerBivarDirichlet" "eval" "eval" "withVisible" "source" 
".DPWalkerUpdate" "WalkerBivarDirichlet" "eval" "eval" "withVisible" "source" 
".Call" "SliceSample_cpp" "WalkerBivarDirichlet" "eval" "eval" "withVisible" "source" 
".DPWalkerUpdate" "WalkerBivarDirichlet" "eval" "eval" "withVisible" "source" 
".Call" "SliceSample_cpp" "WalkerBivarDirichlet" "eval" "eval" "withVisible" "source" 
".Call" "SliceSample_cpp" "WalkerBivarDirichlet" "eval" "eval" "withVisible" "source" 
".Call" "SliceSample_cpp" "WalkerBivarDirichlet" "eval" "eval" "withVisible" "source" 
".Call" "SliceSample_cpp" "WalkerBivarDirichlet" "eval" "eval" "withVisible" "source" 
"stats::rnorm" ".UpdatePhiTau" ".DPWalkerUpdate" "WalkerBivarDirichlet" "eval" "eval" "withVisible" "source" 
".Call" "SliceSample_cpp" "WalkerBivarDirichlet" "eval" "eval" "withVisible" "source" 
"which" ".DPWalkerUpdate" "WalkerBivarDirichlet" "eval" "eval" "withVisible" "source" 
".Call" "SliceSample_cpp" "WalkerBivarDirichlet" "eval" "eval" "withVisible" "source" 
"stopifnot" "sample.int" ".DPWalkerUpdate" "WalkerBivarDirichlet" "eval" "eval" "withVisible" "source" 
".Call" "SliceSample_cpp" "WalkerBivarDirichlet" "eval" "eval" "withVisible" "source" 
".Call" "SliceSample_cpp" "WalkerBivarDirichlet" "eval" "eval" "withVisible" "source" 
".DPWalkerUpdate" "WalkerBivarDirichlet" "eval" "eval" "withVisible" "source" 
".Call" "SliceSample_cpp" "WalkerBivarDirichlet" "eval" "eval" "withVisible" "source" 
"stopifnot" "sample.int" ".DPWalkerUpdate" "WalkerBivarDirichlet" "eval" "eval" "withVisible" "source" 
".Call" "SliceSample_cpp" "WalkerBivarDirichlet" "eval" "eval" "withVisible" "source" 
".Call" "SliceSample_cpp" "WalkerBivarDirichlet" "eval" "eval" "withVisible" "source" 
".DPWalkerUpdate" "WalkerBivarDirichlet" "eval" "eval" "withVisible" "source" 
".Call" "SliceSample_cpp" "WalkerBivarDirichlet" "eval" "eval" "withVisible" "source" 
"/" "stats::dnorm" ".DPWalkerUpdate" "WalkerBivarDirichlet" "eval" "eval" "withVisible" "source" 
".Call" "SliceSample_cpp" "WalkerBivarDirichlet" "eval" "eval" "withVisible" "source" 
"stopifnot" "sample.int" ".DPWalkerUpdate" "WalkerBivarDirichlet" "eval" "eval" "withVisible" "source" 
".Call" "SliceSample_cpp" "WalkerBivarDirichlet" "eval" "eval" "withVisible" "source" 
"stopifnot" "sample.int" ".DPWalkerUpdate" "WalkerBivarDirichlet" "eval" "eval" "withVisible" "source" 
"mean.default" "mean" ".UpdatePhiTau" ".DPWalkerUpdate" "WalkerBivarDirichlet" "eval" "eval" "withVisible" "source" 
".Call" "SliceSample_cpp" "WalkerBivarDirichlet" "eval" "eval" "withVisible" "source" 
".DPWalkerUpdate" "WalkerBivarDirichlet" "eval" "eval" "withVisible" "source" 
".Call" "SliceSample_cpp" "WalkerBivarDirichlet" "eval" "eval" "withVisible" "source" 
".Call" "SliceSample_cpp" "WalkerBivarDirichlet" "eval" "eval" "withVisible" "source" 
".Call" "SliceSample_cpp" "WalkerBivarDirichlet" "eval" "eval" "withVisible" "source" 
".Call" "SliceSample_cpp" "WalkerBivarDirichlet" "eval" "eval" "withVisible" "source" 
".Call" "SliceSample_cpp" "WalkerBivarDirichlet" "eval" "eval" "withVisible" "source" 
".DPWalkerUpdate" "WalkerBivarDirichlet" "eval" "eval" "withVisible" "source" 
"WalkerBivarDirichlet" "eval" "eval" "withVisible" "source" 
".Call" "SliceSample_cpp" "WalkerBivarDirichlet" "eval" "eval" "withVisible" "source" 
".Call" "SliceSample_cpp" "WalkerBivarDirichlet" "eval" "eval" "withVisible" "source" 
"stopifnot" "sample.int" ".DPWalkerUpdate" "WalkerBivarDirichlet" "eval" "eval" "withVisible" "source" 
".Call" "SliceSample_cpp" "WalkerBivarDirichlet" "eval" "eval" "withVisible" "source" 
".Call" "SliceSample_cpp" "WalkerBivarDirichlet" "eval" "eval" "withVisible" "source" 
".Call" "SliceSample_cpp" "WalkerBivarDirichlet" "eval" "eval" "withVisible" "source" 
".DPWalkerUpdate" "WalkerBivarDirichlet" "eval" "eval" "withVisible" "source" 
".Call" "SliceSample_cpp" "WalkerBivarDirichlet" "eval" "eval" "withVisible" "source" 
"which" ".DPWalkerUpdate" "WalkerBivarDirichlet" "eval" "eval" "withVisible" "source" 
".Call" "SliceSample_cpp" "WalkerBivarDirichlet" "eval" "eval" "withVisible" "source" 
".Call" "SliceSample_cpp" "WalkerBivarDirichlet" "eval" "eval" "withVisible" "source" 
"stopifnot" "sample.int" ".DPWalkerUpdate" "WalkerBivarDirichlet" "eval" "eval" "withVisible" "source" 
".Call" "SliceSample_cpp" "WalkerBivarDirichlet" "eval" "eval" "withVisible" "source" 
"stopifnot" "sample.int" ".DPWalkerUpdate" "WalkerBivarDirichlet" "eval" "eval" "withVisible" "source" 
".Call" "SliceSample_cpp" "WalkerBivarDirichlet" "eval" "eval" "withVisible" "source" 
".Call" "SliceSample_cpp" "WalkerBivarDirichlet" "eval" "eval" "withVisible" "source" 
"==" "which" ".DPWalkerUpdate" "WalkerBivarDirichlet" "eval" "eval" "withVisible" "source" 
"WalkerBivarDirichlet" "eval" "eval" "withVisible" "source" 
".Call" "SliceSample_cpp" "WalkerBivarDirichlet" "eval" "eval" "withVisible" "source" 
".Call" "SliceSample_cpp" "WalkerBivarDirichlet" "eval" "eval" "withVisible" "source" 
".Call" "SliceSample_cpp" "WalkerBivarDirichlet" "eval" "eval" "withVisible" "source" 
"which" ".DPWalkerUpdate" "WalkerBivarDirichlet" "eval" "eval" "withVisible" "source" 
".Call" "SliceSample_cpp" "WalkerBivarDirichlet" "eval" "eval" "withVisible" "source" 
".DPWalkerUpdate" "WalkerBivarDirichlet" "eval" "eval" "withVisible" "source" 
".Call" "SliceSample_cpp" "WalkerBivarDirichlet" "eval" "eval" "withVisible" "source" 
"stopifnot" "sample.int" ".DPWalkerUpdate" "WalkerBivarDirichlet" "eval" "eval" "withVisible" "source" 
"sample.int" ".DPWalkerUpdate" "WalkerBivarDirichlet" "eval" "eval" "withVisible" "source" 
".Call" "SliceSample_cpp" "WalkerBivarDirichlet" "eval" "eval" "withVisible" "source" 
"which" ".DPWalkerUpdate" "WalkerBivarDirichlet" "eval" "eval" "withVisible" "source" 
".Call" "SliceSample_cpp" "WalkerBivarDirichlet" "eval" "eval" "withVisible" "source" 
".Call" "SliceSample_cpp" "WalkerBivarDirichlet" "eval" "eval" "withVisible" "source" 
"stats::dnorm" ".DPWalkerUpdate" "WalkerBivarDirichlet" "eval" "eval" "withVisible" "source" 
".Call" "SliceSample_cpp" "WalkerBivarDirichlet" "eval" "eval" "withVisible" "source" 
".Call" "SliceSample_cpp" "WalkerBivarDirichlet" "eval" "eval" "withVisible" "source" 
".DPWalkerUpdate" "WalkerBivarDirichlet" "eval" "eval" "withVisible" "source" 
".Call" "SliceSample_cpp" "WalkerBivarDirichlet" "eval" "eval" "withVisible" "source" 
".Call" "SliceSample_cpp" "WalkerBivarDirichlet" "eval" "eval" "withVisible" "source" 
"stopifnot" "sample.int" ".DPWalkerUpdate" "WalkerBivarDirichlet" "eval" "eval" "withVisible" "source" 
".Call" "SliceSample_cpp" "WalkerBivarDirichlet" "eval" "eval" "withVisible" "source" 
".Call" "SliceSample_cpp" "WalkerBivarDirichlet" "eval" "eval" "withVisible" "source" 
".DPWalkerUpdate" "WalkerBivarDirichlet" "eval" "eval" "withVisible" "source" 
"stats::dnorm" ".DPWalkerUpdate" "WalkerBivarDirichlet" "eval" "eval" "withVisible" "source" 
".Call" "SliceSample_cpp" "WalkerBivarDirichlet" "eval" "eval" "withVisible" "source" 
"stopifnot" "sample.int" ".DPWalkerUpdate" "WalkerBivarDirichlet" "eval" "eval" "withVisible" "source" 
".Call" "SliceSample_cpp" "WalkerBivarDirichlet" "eval" "eval" "withVisible" "source" 
".Call" "SliceSample_cpp" "WalkerBivarDirichlet" "eval" "eval" "withVisible" "source" 
".Call" "SliceSample_cpp" "WalkerBivarDirichlet" "eval" "eval" "withVisible" "source" 
"which" ".DPWalkerUpdate" "WalkerBivarDirichlet" "eval" "eval" "withVisible" "source" 
".Call" "SliceSample_cpp" "WalkerBivarDirichlet" "eval" "eval" "withVisible" "source" 
".Call" "SliceSample_cpp" "WalkerBivarDirichlet" "eval" "eval" "withVisible" "source" 
".Call" "SliceSample_cpp" "WalkerBivarDirichlet" "eval" "eval" "withVisible" "source" 
".Call" "SliceSample_cpp" "WalkerBivarDirichlet" "eval" "eval" "withVisible" "source" 
"which" ".DPWalkerUpdate" "WalkerBivarDirichlet" "eval" "eval" "withVisible" "source" 
".Call" "SliceSample_cpp" "WalkerBivarDirichlet" "eval" "eval" "withVisible" "source" 
".Call" "SliceSample_cpp" "WalkerBivarDirichlet" "eval" "eval" "withVisible" "source" 
".Call" "SliceSample_cpp" "WalkerBivarDirichlet" "eval" "eval" "withVisible" "source" 
".Call" "SliceSample_cpp" "WalkerBivarDirichlet" "eval" "eval" "withVisible" "source" 
".DPWalkerUpdate" "WalkerBivarDirichlet" "eval" "eval" "withVisible" "source" 
".Call" "SliceSample_cpp" "WalkerBivarDirichlet" "eval" "eval" "withVisible" "source" 
"stats::dnorm" ".DPWalkerUpdate" "WalkerBivarDirichlet" "eval" "eval" "withVisible" "source" 
"sample.int" ".DPWalkerUpdate" "WalkerBivarDirichlet" "eval" "eval" "withVisible" "source" 
"stopifnot" "sample.int" ".DPWalkerUpdate" "WalkerBivarDirichlet" "eval" "eval" "withVisible" "source" 
"stopifnot" "sample.int" ".DPWalkerUpdate" "WalkerBivarDirichlet" "eval" "eval" "withVisible" "source" 
".Call" "SliceSample_cpp" "WalkerBivarDirichlet" "eval" "eval" "withVisible" "source" 
".Call" "SliceSample_cpp" "WalkerBivarDirichlet" "eval" "eval" "withVisible" "source" 
"stopifnot" "sample.int" ".DPWalkerUpdate" "WalkerBivarDirichlet" "eval" "eval" "withVisible" "source" 
".Call" "SliceSample_cpp" "WalkerBivarDirichlet" "eval" "eval" "withVisible" "source" 
".DPWalkerUpdate" "WalkerBivarDirichlet" "eval" "eval" "withVisible" "source" 
"which" ".DPWalkerUpdate" "WalkerBivarDirichlet" "eval" "eval" "withVisible" "source" 
".DPWalkerUpdate" "WalkerBivarDirichlet" "eval" "eval" "withVisible" "source" 
".Call" "SliceSample_cpp" "WalkerBivarDirichlet" "eval" "eval" "withVisible" "source" 
".Call" "SliceSample_cpp" "WalkerBivarDirichlet" "eval" "eval" "withVisible" "source" 
".Call" "SliceSample_cpp" "WalkerBivarDirichlet" "eval" "eval" "withVisible" "source" 
".DPWalkerUpdate" "WalkerBivarDirichlet" "eval" "eval" "withVisible" "source" 
".Call" "SliceSample_cpp" "WalkerBivarDirichlet" "eval" "eval" "withVisible" "source" 
"sample.int" ".DPWalkerUpdate" "WalkerBivarDirichlet" "eval" "eval" "withVisible" "source" 
".DPWalkerUpdate" "WalkerBivarDirichlet" "eval" "eval" "withVisible" "source" 
"is.na" ".DPWalkerUpdate" "WalkerBivarDirichlet" "eval" "eval" "withVisible" "source" 
".Call" "SliceSample_cpp" "WalkerBivarDirichlet" "eval" "eval" "withVisible" "source" 
".Call" "SliceSample_cpp" "WalkerBivarDirichlet" "eval" "eval" "withVisible" "source" 
".Call" "SliceSample_cpp" "WalkerBivarDirichlet" "eval" "eval" "withVisible" "source" 
"stopifnot" "sample.int" ".DPWalkerUpdate" "WalkerBivarDirichlet" "eval" "eval" "withVisible" "source" 
".WalkerUpdateAlpha" "WalkerBivarDirichlet" "eval" "eval" "withVisible" "source" 
".Call" "SliceSample_cpp" "WalkerBivarDirichlet" "eval" "eval" "withVisible" "source" 
"stopifnot" "sample.int" ".DPWalkerUpdate" "WalkerBivarDirichlet" "eval" "eval" "withVisible" "source" 
".Call" "SliceSample_cpp" "WalkerBivarDirichlet" "eval" "eval" "withVisible" "source" 
"which" ".DPWalkerUpdate" "WalkerBivarDirichlet" "eval" "eval" "withVisible" "source" 
".Call" "SliceSample_cpp" "WalkerBivarDirichlet" "eval" "eval" "withVisible" "source" 
".UpdatePhiTau" ".DPWalkerUpdate" "WalkerBivarDirichlet" "eval" "eval" "withVisible" "source" 
".Call" "SliceSample_cpp" "WalkerBivarDirichlet" "eval" "eval" "withVisible" "source" 
"which" ".DPWalkerUpdate" "WalkerBivarDirichlet" "eval" "eval" "withVisible" "source" 
".Call" "SliceSample_cpp" "WalkerBivarDirichlet" "eval" "eval" "withVisible" "source" 
".Call" "SliceSample_cpp" "WalkerBivarDirichlet" "eval" "eval" "withVisible" "source" 
".DPWalkerUpdate" "WalkerBivarDirichlet" "eval" "eval" "withVisible" "source" 
