sample.interval=20000
"stats::dnorm" "<Anonymous>" "mapply" "WalkerBivarDirichlet" "profile_walker" "eval" "eval" "withVisible" "source" 
"^" "stats::dnorm" "<Anonymous>" "mapply" "WalkerBivarDirichlet" "profile_walker" "eval" "eval" "withVisible" "source" 
"stats::dnorm" "<Anonymous>" "mapply" "WalkerBivarDirichlet" "profile_walker" "eval" "eval" "withVisible" "source" 
"<Anonymous>" "mapply" "WalkerBivarDirichlet" "profile_walker" "eval" "eval" "withVisible" "source" 
"<Anonymous>" "mapply" "WalkerBivarDirichlet" "profile_walker" "eval" "eval" "withVisible" "source" 
"mapply" "WalkerBivarDirichlet" "profile_walker" "eval" "eval" "withVisible" "source" 
"stats::dnorm" "<Anonymous>" "mapply" "WalkerBivarDirichlet" "profile_walker" "eval" "eval" "withVisible" "source" 
"^" "stats::dnorm" "<Anonymous>" "mapply" "WalkerBivarDirichlet" "profile_walker" "eval" "eval" "withVisible" "source" 
"stats::dnorm" "<Anonymous>" "mapply" "WalkerBivarDirichlet" "profile_walker" "eval" "eval" "withVisible" "source" 
"stats::dnorm" "<Anonymous>" "mapply" "WalkerBivarDirichlet" "profile_walker" "eval" "eval" "withVisible" "source" 
"/" "<Anonymous>" "mapply" "WalkerBivarDirichlet" "profile_walker" "eval" "eval" "withVisible" "source" 
"/" "<Anonymous>" "mapply" "WalkerBivarDirichlet" "profile_walker" "eval" "eval" "withVisible" "source" 
"/" "<Anonymous>" "mapply" "WalkerBivarDirichlet" "profile_walker" "eval" "eval" "withVisible" "source" 
"/" "<Anonymous>" "mapply" "WalkerBivarDirichlet" "profile_walker" "eval" "eval" "withVisible" "source" 
"/" "<Anonymous>" "mapply" "WalkerBivarDirichlet" "profile_walker" "eval" "eval" "withVisible" "source" 
"/" "<Anonymous>" "mapply" "WalkerBivarDirichlet" "profile_walker" "eval" "eval" "withVisible" "source" 
"/" "<Anonymous>" "mapply" "WalkerBivarDirichlet" "profile_walker" "eval" "eval" "withVisible" "source" 
"^" "stats::dnorm" "<Anonymous>" "mapply" "WalkerBivarDirichlet" "profile_walker" "eval" "eval" "withVisible" "source" 
"^" "stats::dnorm" "<Anonymous>" "mapply" "WalkerBivarDirichlet" "profile_walker" "eval" "eval" "withVisible" "source" 
"unlist" "simplify2array" "mapply" "WalkerBivarDirichlet" "profile_walker" "eval" "eval" "withVisible" "source" 
"array" "simplify2array" "mapply" "WalkerBivarDirichlet" "profile_walker" "eval" "eval" "withVisible" "source" 
"array" "simplify2array" "mapply" "WalkerBivarDirichlet" "profile_walker" "eval" "eval" "withVisible" "source" 
"array" "simplify2array" "mapply" "WalkerBivarDirichlet" "profile_walker" "eval" "eval" "withVisible" "source" 
"array" "simplify2array" "mapply" "WalkerBivarDirichlet" "profile_walker" "eval" "eval" "withVisible" "source" 
"array" "simplify2array" "mapply" "WalkerBivarDirichlet" "profile_walker" "eval" "eval" "withVisible" "source" 
"array" "simplify2array" "mapply" "WalkerBivarDirichlet" "profile_walker" "eval" "eval" "withVisible" "source" 
"array" "simplify2array" "mapply" "WalkerBivarDirichlet" "profile_walker" "eval" "eval" "withVisible" "source" 
"array" "simplify2array" "mapply" "WalkerBivarDirichlet" "profile_walker" "eval" "eval" "withVisible" "source" 
"array" "simplify2array" "mapply" "WalkerBivarDirichlet" "profile_walker" "eval" "eval" "withVisible" "source" 
"array" "simplify2array" "mapply" "WalkerBivarDirichlet" "profile_walker" "eval" "eval" "withVisible" "source" 
"aperm.default" "aperm" "apply" "WalkerBivarDirichlet" "profile_walker" "eval" "eval" "withVisible" "source" 
"apply" "WalkerBivarDirichlet" "profile_walker" "eval" "eval" "withVisible" "source" 
"apply" "WalkerBivarDirichlet" "profile_walker" "eval" "eval" "withVisible" "source" 
"apply" "WalkerBivarDirichlet" "profile_walker" "eval" "eval" "withVisible" "source" 
"apply" "WalkerBivarDirichlet" "profile_walker" "eval" "eval" "withVisible" "source" 
"lazyLoadDBfetch" "stats::approx" "InterpolateCalibrationCurve" "WalkerBivarDirichlet" "profile_walker" "eval" "eval" "withVisible" "source" 
"unique.default" "unique" "regularize.values" "stats::approx" "InterpolateCalibrationCurve" "WalkerBivarDirichlet" "profile_walker" "eval" "eval" "withVisible" "source" 
"stopifnot" "sample.int" ".DPWalkerUpdate" "WalkerBivarDirichlet" "profile_walker" "eval" "eval" "withVisible" "source" 
".DPWalkerUpdate" "WalkerBivarDirichlet" "profile_walker" "eval" "eval" "withVisible" "source" 
".DPWalkerUpdate" "WalkerBivarDirichlet" "profile_walker" "eval" "eval" "withVisible" "source" 
".DPWalkerUpdate" "WalkerBivarDirichlet" "profile_walker" "eval" "eval" "withVisible" "source" 
".DPWalkerUpdate" "WalkerBivarDirichlet" "profile_walker" "eval" "eval" "withVisible" "source" 
".DPWalkerUpdate" "WalkerBivarDirichlet" "profile_walker" "eval" "eval" "withVisible" "source" 
".DPWalkerUpdate" "WalkerBivarDirichlet" "profile_walker" "eval" "eval" "withVisible" "source" 
".DPWalkerUpdate" "WalkerBivarDirichlet" "profile_walker" "eval" "eval" "withVisible" "source" 
".DPWalkerUpdate" "WalkerBivarDirichlet" "profile_walker" "eval" "eval" "withVisible" "source" 
".DPWalkerUpdate" "WalkerBivarDirichlet" "profile_walker" "eval" "eval" "withVisible" "source" 
".DPWalkerUpdate" "WalkerBivarDirichlet" "profile_walker" "eval" "eval" "withVisible" "source" 
".DPWalkerUpdate" "WalkerBivarDirichlet" "profile_walker" "eval" "eval" "withVisible" "source" 
".DPWalkerUpdate" "WalkerBivarDirichlet" "profile_walker" "eval" "eval" "withVisible" "source" 
".DPWalkerUpdate" "WalkerBivarDirichlet" "profile_walker" "eval" "eval" "withVisible" "source" 
".DPWalkerUpdate" "WalkerBivarDirichlet" "profile_walker" "eval" "eval" "withVisible" "source" 
"new.env" "findCenvVar" "getInlineInfo" "tryInline" "cmpCall" "cmp" "cmpPrim2" "h" "tryInline" "cmpCall" "cmp" "cmpPrim1" "h" "tryInline" "cmpCall" "cmp" "cmpSymbolAssign" "h" "tryInline" "cmpCall" "cmp" "h" "tryInline" "cmpCall" "cmp" "genCode" "cmpfun" "doTryCatch" "tryCatchOne" "tryCatchList" "tryCatch" "compiler:::tryCmpfun" ".WalkerUpdateAlpha" "WalkerBivarDirichlet" "profile_walker" "eval" "eval" "withVisible" "source" 
"sample.int" ".DPWalkerUpdate" "WalkerBivarDirichlet" "profile_walker" "eval" "eval" "withVisible" "source" 
"sample.int" ".DPWalkerUpdate" "WalkerBivarDirichlet" "profile_walker" "eval" "eval" "withVisible" "source" 
"sample.int" ".DPWalkerUpdate" "WalkerBivarDirichlet" "profile_walker" "eval" "eval" "withVisible" "source" 
".DPWalkerUpdate" "WalkerBivarDirichlet" "profile_walker" "eval" "eval" "withVisible" "source" 
"stats::rgamma" ".DPWalkerUpdate" "WalkerBivarDirichlet" "profile_walker" "eval" "eval" "withVisible" "source" 
"sample.int" ".DPWalkerUpdate" "WalkerBivarDirichlet" "profile_walker" "eval" "eval" "withVisible" "source" 
".Call" "UpdateCalendarAges_cpp" "WalkerBivarDirichlet" "profile_walker" "eval" "eval" "withVisible" "source" 
"stopifnot" "sample.int" ".DPWalkerUpdate" "WalkerBivarDirichlet" "profile_walker" "eval" "eval" "withVisible" "source" 
"sample.int" ".DPWalkerUpdate" "WalkerBivarDirichlet" "profile_walker" "eval" "eval" "withVisible" "source" 
".DPWalkerUpdate" "WalkerBivarDirichlet" "profile_walker" "eval" "eval" "withVisible" "source" 
"sample.int" ".DPWalkerUpdate" "WalkerBivarDirichlet" "profile_walker" "eval" "eval" "withVisible" "source" 
"sample.int" ".DPWalkerUpdate" "WalkerBivarDirichlet" "profile_walker" "eval" "eval" "withVisible" "source" 
"sample.int" ".DPWalkerUpdate" "WalkerBivarDirichlet" "profile_walker" "eval" "eval" "withVisible" "source" 
"stopifnot" "sample.int" ".DPWalkerUpdate" "WalkerBivarDirichlet" "profile_walker" "eval" "eval" "withVisible" "source" 
">" "which" ".DPWalkerUpdate" "WalkerBivarDirichlet" "profile_walker" "eval" "eval" "withVisible" "source" 
"sample.int" ".DPWalkerUpdate" "WalkerBivarDirichlet" "profile_walker" "eval" "eval" "withVisible" "source" 
".DPWalkerUpdate" "WalkerBivarDirichlet" "profile_walker" "eval" "eval" "withVisible" "source" 
".Call" "UpdatePhiTau_cpp" ".DPWalkerUpdate" "WalkerBivarDirichlet" "profile_walker" "eval" "eval" "withVisible" "source" 
"which" ".DPWalkerUpdate" "WalkerBivarDirichlet" "profile_walker" "eval" "eval" "withVisible" "source" 
"sample.int" ".DPWalkerUpdate" "WalkerBivarDirichlet" "profile_walker" "eval" "eval" "withVisible" "source" 
"max" ".DPWalkerUpdate" "WalkerBivarDirichlet" "profile_walker" "eval" "eval" "withVisible" "source" 
".Call" "UpdateCalendarAges_cpp" "WalkerBivarDirichlet" "profile_walker" "eval" "eval" "withVisible" "source" 
".Call" "UpdateCalendarAges_cpp" "WalkerBivarDirichlet" "profile_walker" "eval" "eval" "withVisible" "source" 
"which" ".DPWalkerUpdate" "WalkerBivarDirichlet" "profile_walker" "eval" "eval" "withVisible" "source" 
".Call" "UpdatePhiTau_cpp" ".DPWalkerUpdate" "WalkerBivarDirichlet" "profile_walker" "eval" "eval" "withVisible" "source" 
".Call" "UpdateCalendarAges_cpp" "WalkerBivarDirichlet" "profile_walker" "eval" "eval" "withVisible" "source" 
"which" ".DPWalkerUpdate" "WalkerBivarDirichlet" "profile_walker" "eval" "eval" "withVisible" "source" 
"sample.int" ".DPWalkerUpdate" "WalkerBivarDirichlet" "profile_walker" "eval" "eval" "withVisible" "source" 
"==" "which" ".DPWalkerUpdate" "WalkerBivarDirichlet" "profile_walker" "eval" "eval" "withVisible" "source" 
"stopifnot" "sample.int" ".DPWalkerUpdate" "WalkerBivarDirichlet" "profile_walker" "eval" "eval" "withVisible" "source" 
".Call" "UpdatePhiTau_cpp" ".DPWalkerUpdate" "WalkerBivarDirichlet" "profile_walker" "eval" "eval" "withVisible" "source" 
".Call" "UpdatePhiTau_cpp" ".DPWalkerUpdate" "WalkerBivarDirichlet" "profile_walker" "eval" "eval" "withVisible" "source" 
".DPWalkerUpdate" "WalkerBivarDirichlet" "profile_walker" "eval" "eval" "withVisible" "source" 
"as.double" "UpdateCalendarAges_cpp" "WalkerBivarDirichlet" "profile_walker" "eval" "eval" "withVisible" "source" 
".DPWalkerUpdate" "WalkerBivarDirichlet" "profile_walker" "eval" "eval" "withVisible" "source" 
".Call" "UpdateCalendarAges_cpp" "WalkerBivarDirichlet" "profile_walker" "eval" "eval" "withVisible" "source" 
"sample.int" ".DPWalkerUpdate" "WalkerBivarDirichlet" "profile_walker" "eval" "eval" "withVisible" "source" 
".Call" "UpdatePhiTau_cpp" ".DPWalkerUpdate" "WalkerBivarDirichlet" "profile_walker" "eval" "eval" "withVisible" "source" 
".Call" "UpdatePhiTau_cpp" ".DPWalkerUpdate" "WalkerBivarDirichlet" "profile_walker" "eval" "eval" "withVisible" "source" 
".Call" "UpdatePhiTau_cpp" ".DPWalkerUpdate" "WalkerBivarDirichlet" "profile_walker" "eval" "eval" "withVisible" "source" 
".Call" "UpdatePhiTau_cpp" ".DPWalkerUpdate" "WalkerBivarDirichlet" "profile_walker" "eval" "eval" "withVisible" "source" 
".DPWalkerUpdate" "WalkerBivarDirichlet" "profile_walker" "eval" "eval" "withVisible" "source" 
